[0.123s] DEBUG:colcon:Command line arguments: ['/usr/bin/colcon', 'build']
[0.123s] DEBUG:colcon:Parsed command line arguments: Namespace(ament_cmake_args=None, base_paths=['.'], build_base='build', catkin_cmake_args=None, catkin_skip_building_tests=False, cmake_args=None, cmake_clean_cache=False, cmake_clean_first=False, cmake_force_configure=False, cmake_target=None, cmake_target_skip_unavailable=False, continue_on_error=False, event_handlers=None, executor='parallel', ignore_user_meta=False, install_base='install', log_base=None, log_level=None, main=<bound method BuildVerb.main of <colcon_core.verb.build.BuildVerb object at 0x7f250af002b0>>, merge_install=False, metas=['./colcon.meta'], packages_above=None, packages_above_depth=None, packages_end=None, packages_ignore=None, packages_ignore_regex=None, packages_select=None, packages_select_build_failed=False, packages_select_by_dep=None, packages_select_regex=None, packages_select_test_failures=False, packages_skip=None, packages_skip_build_finished=False, packages_skip_by_dep=None, packages_skip_regex=None, packages_skip_test_passed=False, packages_skip_up_to=None, packages_start=None, packages_up_to=None, parallel_workers=6, paths=None, symlink_install=False, test_result_base=None, verb_extension=<colcon_core.verb.build.BuildVerb object at 0x7f250af002b0>, verb_name='build', verb_parser=<colcon_defaults.argument_parser.defaults.DefaultArgumentsDecorator object at 0x7f250af005f8>)
[0.153s] Level 1:colcon.colcon_core.package_discovery:discover_packages(colcon_meta) check parameters
[0.153s] Level 1:colcon.colcon_core.package_discovery:discover_packages(recursive) check parameters
[0.153s] Level 1:colcon.colcon_core.package_discovery:discover_packages(ignore) check parameters
[0.153s] Level 1:colcon.colcon_core.package_discovery:discover_packages(path) check parameters
[0.154s] Level 1:colcon.colcon_core.package_discovery:discover_packages(colcon_meta) discover
[0.154s] Level 1:colcon.colcon_core.package_discovery:discover_packages(recursive) discover
[0.154s] INFO:colcon.colcon_core.package_discovery:Crawling recursively for packages in '/home/xprize_vr2/B2lly_Ws'
[0.154s] Level 1:colcon.colcon_core.package_identification:_identify(.) by extensions ['ignore', 'ignore_ament_install']
[0.154s] Level 1:colcon.colcon_core.package_identification:_identify(.) by extension 'ignore'
[0.154s] Level 1:colcon.colcon_core.package_identification:_identify(.) by extension 'ignore_ament_install'
[0.154s] Level 1:colcon.colcon_core.package_identification:_identify(.) by extensions ['colcon_pkg']
[0.154s] Level 1:colcon.colcon_core.package_identification:_identify(.) by extension 'colcon_pkg'
[0.154s] Level 1:colcon.colcon_core.package_identification:_identify(.) by extensions ['colcon_meta']
[0.154s] Level 1:colcon.colcon_core.package_identification:_identify(.) by extension 'colcon_meta'
[0.154s] Level 1:colcon.colcon_core.package_identification:_identify(.) by extensions ['ros']
[0.154s] Level 1:colcon.colcon_core.package_identification:_identify(.) by extension 'ros'
[0.164s] Level 1:colcon.colcon_core.package_identification:_identify(.) by extensions ['cmake', 'python']
[0.164s] Level 1:colcon.colcon_core.package_identification:_identify(.) by extension 'cmake'
[0.164s] Level 1:colcon.colcon_core.package_identification:_identify(.) by extension 'python'
[0.164s] Level 1:colcon.colcon_core.package_identification:_identify(.) by extensions ['python_setup_py']
[0.164s] Level 1:colcon.colcon_core.package_identification:_identify(.) by extension 'python_setup_py'
[0.164s] Level 1:colcon.colcon_core.package_identification:_identify(build) by extensions ['ignore', 'ignore_ament_install']
[0.164s] Level 1:colcon.colcon_core.package_identification:_identify(build) by extension 'ignore'
[0.164s] Level 1:colcon.colcon_core.package_identification:_identify(build) ignored
[0.165s] Level 1:colcon.colcon_core.package_identification:_identify(install) by extensions ['ignore', 'ignore_ament_install']
[0.165s] Level 1:colcon.colcon_core.package_identification:_identify(install) by extension 'ignore'
[0.165s] Level 1:colcon.colcon_core.package_identification:_identify(install) ignored
[0.165s] Level 1:colcon.colcon_core.package_identification:_identify(log) by extensions ['ignore', 'ignore_ament_install']
[0.165s] Level 1:colcon.colcon_core.package_identification:_identify(log) by extension 'ignore'
[0.165s] Level 1:colcon.colcon_core.package_identification:_identify(log) ignored
[0.165s] Level 1:colcon.colcon_core.package_identification:_identify(src) by extensions ['ignore', 'ignore_ament_install']
[0.165s] Level 1:colcon.colcon_core.package_identification:_identify(src) by extension 'ignore'
[0.165s] Level 1:colcon.colcon_core.package_identification:_identify(src) by extension 'ignore_ament_install'
[0.165s] Level 1:colcon.colcon_core.package_identification:_identify(src) by extensions ['colcon_pkg']
[0.165s] Level 1:colcon.colcon_core.package_identification:_identify(src) by extension 'colcon_pkg'
[0.165s] Level 1:colcon.colcon_core.package_identification:_identify(src) by extensions ['colcon_meta']
[0.165s] Level 1:colcon.colcon_core.package_identification:_identify(src) by extension 'colcon_meta'
[0.165s] Level 1:colcon.colcon_core.package_identification:_identify(src) by extensions ['ros']
[0.165s] Level 1:colcon.colcon_core.package_identification:_identify(src) by extension 'ros'
[0.166s] Level 1:colcon.colcon_core.package_identification:_identify(src) by extensions ['cmake', 'python']
[0.166s] Level 1:colcon.colcon_core.package_identification:_identify(src) by extension 'cmake'
[0.166s] Level 1:colcon.colcon_core.package_identification:_identify(src) by extension 'python'
[0.166s] Level 1:colcon.colcon_core.package_identification:_identify(src) by extensions ['python_setup_py']
[0.166s] Level 1:colcon.colcon_core.package_identification:_identify(src) by extension 'python_setup_py'
[0.166s] Level 1:colcon.colcon_core.package_identification:_identify(src/my_package) by extensions ['ignore', 'ignore_ament_install']
[0.166s] Level 1:colcon.colcon_core.package_identification:_identify(src/my_package) by extension 'ignore'
[0.166s] Level 1:colcon.colcon_core.package_identification:_identify(src/my_package) by extension 'ignore_ament_install'
[0.166s] Level 1:colcon.colcon_core.package_identification:_identify(src/my_package) by extensions ['colcon_pkg']
[0.166s] Level 1:colcon.colcon_core.package_identification:_identify(src/my_package) by extension 'colcon_pkg'
[0.166s] Level 1:colcon.colcon_core.package_identification:_identify(src/my_package) by extensions ['colcon_meta']
[0.166s] Level 1:colcon.colcon_core.package_identification:_identify(src/my_package) by extension 'colcon_meta'
[0.166s] Level 1:colcon.colcon_core.package_identification:_identify(src/my_package) by extensions ['ros']
[0.166s] Level 1:colcon.colcon_core.package_identification:_identify(src/my_package) by extension 'ros'
[0.168s] DEBUG:colcon.colcon_core.package_identification:Package 'src/my_package' with type 'ros.ament_python' and name 'my_package'
[0.168s] Level 1:colcon.colcon_core.package_identification:_identify(src/py_pubsub) by extensions ['ignore', 'ignore_ament_install']
[0.168s] Level 1:colcon.colcon_core.package_identification:_identify(src/py_pubsub) by extension 'ignore'
[0.168s] Level 1:colcon.colcon_core.package_identification:_identify(src/py_pubsub) by extension 'ignore_ament_install'
[0.168s] Level 1:colcon.colcon_core.package_identification:_identify(src/py_pubsub) by extensions ['colcon_pkg']
[0.168s] Level 1:colcon.colcon_core.package_identification:_identify(src/py_pubsub) by extension 'colcon_pkg'
[0.168s] Level 1:colcon.colcon_core.package_identification:_identify(src/py_pubsub) by extensions ['colcon_meta']
[0.168s] Level 1:colcon.colcon_core.package_identification:_identify(src/py_pubsub) by extension 'colcon_meta'
[0.168s] Level 1:colcon.colcon_core.package_identification:_identify(src/py_pubsub) by extensions ['ros']
[0.168s] Level 1:colcon.colcon_core.package_identification:_identify(src/py_pubsub) by extension 'ros'
[0.169s] DEBUG:colcon.colcon_core.package_identification:Package 'src/py_pubsub' with type 'ros.ament_python' and name 'py_pubsub'
[0.169s] Level 1:colcon.colcon_core.package_identification:_identify(src/ros_tutorials) by extensions ['ignore', 'ignore_ament_install']
[0.169s] Level 1:colcon.colcon_core.package_identification:_identify(src/ros_tutorials) by extension 'ignore'
[0.169s] Level 1:colcon.colcon_core.package_identification:_identify(src/ros_tutorials) by extension 'ignore_ament_install'
[0.169s] Level 1:colcon.colcon_core.package_identification:_identify(src/ros_tutorials) by extensions ['colcon_pkg']
[0.169s] Level 1:colcon.colcon_core.package_identification:_identify(src/ros_tutorials) by extension 'colcon_pkg'
[0.169s] Level 1:colcon.colcon_core.package_identification:_identify(src/ros_tutorials) by extensions ['colcon_meta']
[0.169s] Level 1:colcon.colcon_core.package_identification:_identify(src/ros_tutorials) by extension 'colcon_meta'
[0.169s] Level 1:colcon.colcon_core.package_identification:_identify(src/ros_tutorials) by extensions ['ros']
[0.169s] Level 1:colcon.colcon_core.package_identification:_identify(src/ros_tutorials) by extension 'ros'
[0.169s] Level 1:colcon.colcon_core.package_identification:_identify(src/ros_tutorials) by extensions ['cmake', 'python']
[0.169s] Level 1:colcon.colcon_core.package_identification:_identify(src/ros_tutorials) by extension 'cmake'
[0.169s] Level 1:colcon.colcon_core.package_identification:_identify(src/ros_tutorials) by extension 'python'
[0.169s] Level 1:colcon.colcon_core.package_identification:_identify(src/ros_tutorials) by extensions ['python_setup_py']
[0.169s] Level 1:colcon.colcon_core.package_identification:_identify(src/ros_tutorials) by extension 'python_setup_py'
[0.170s] Level 1:colcon.colcon_core.package_identification:_identify(src/ros_tutorials/ros_tutorials) by extensions ['ignore', 'ignore_ament_install']
[0.170s] Level 1:colcon.colcon_core.package_identification:_identify(src/ros_tutorials/ros_tutorials) by extension 'ignore'
[0.170s] Level 1:colcon.colcon_core.package_identification:_identify(src/ros_tutorials/ros_tutorials) ignored
[0.170s] Level 1:colcon.colcon_core.package_identification:_identify(src/ros_tutorials/roscpp_tutorials) by extensions ['ignore', 'ignore_ament_install']
[0.170s] Level 1:colcon.colcon_core.package_identification:_identify(src/ros_tutorials/roscpp_tutorials) by extension 'ignore'
[0.170s] Level 1:colcon.colcon_core.package_identification:_identify(src/ros_tutorials/roscpp_tutorials) ignored
[0.170s] Level 1:colcon.colcon_core.package_identification:_identify(src/ros_tutorials/rospy_tutorials) by extensions ['ignore', 'ignore_ament_install']
[0.170s] Level 1:colcon.colcon_core.package_identification:_identify(src/ros_tutorials/rospy_tutorials) by extension 'ignore'
[0.170s] Level 1:colcon.colcon_core.package_identification:_identify(src/ros_tutorials/rospy_tutorials) ignored
[0.170s] Level 1:colcon.colcon_core.package_identification:_identify(src/ros_tutorials/turtlesim) by extensions ['ignore', 'ignore_ament_install']
[0.170s] Level 1:colcon.colcon_core.package_identification:_identify(src/ros_tutorials/turtlesim) by extension 'ignore'
[0.170s] Level 1:colcon.colcon_core.package_identification:_identify(src/ros_tutorials/turtlesim) by extension 'ignore_ament_install'
[0.170s] Level 1:colcon.colcon_core.package_identification:_identify(src/ros_tutorials/turtlesim) by extensions ['colcon_pkg']
[0.170s] Level 1:colcon.colcon_core.package_identification:_identify(src/ros_tutorials/turtlesim) by extension 'colcon_pkg'
[0.170s] Level 1:colcon.colcon_core.package_identification:_identify(src/ros_tutorials/turtlesim) by extensions ['colcon_meta']
[0.171s] Level 1:colcon.colcon_core.package_identification:_identify(src/ros_tutorials/turtlesim) by extension 'colcon_meta'
[0.171s] Level 1:colcon.colcon_core.package_identification:_identify(src/ros_tutorials/turtlesim) by extensions ['ros']
[0.171s] Level 1:colcon.colcon_core.package_identification:_identify(src/ros_tutorials/turtlesim) by extension 'ros'
[0.171s] DEBUG:colcon.colcon_core.package_identification:Package 'src/ros_tutorials/turtlesim' with type 'ros.ament_cmake' and name 'turtlesim'
[0.172s] Level 1:colcon.colcon_core.package_discovery:discover_packages(recursive) using defaults
[0.172s] Level 1:colcon.colcon_core.package_discovery:discover_packages(ignore) discover
[0.172s] Level 1:colcon.colcon_core.package_discovery:discover_packages(ignore) using defaults
[0.172s] Level 1:colcon.colcon_core.package_discovery:discover_packages(path) discover
[0.172s] Level 1:colcon.colcon_core.package_discovery:discover_packages(path) using defaults
[0.176s] Level 5:colcon.colcon_core.verb:set package 'my_package' build argument 'cmake_args' from command line to 'None'
[0.176s] Level 5:colcon.colcon_core.verb:set package 'my_package' build argument 'cmake_target' from command line to 'None'
[0.176s] Level 5:colcon.colcon_core.verb:set package 'my_package' build argument 'cmake_target_skip_unavailable' from command line to 'False'
[0.176s] Level 5:colcon.colcon_core.verb:set package 'my_package' build argument 'cmake_clean_cache' from command line to 'False'
[0.176s] Level 5:colcon.colcon_core.verb:set package 'my_package' build argument 'cmake_clean_first' from command line to 'False'
[0.176s] Level 5:colcon.colcon_core.verb:set package 'my_package' build argument 'cmake_force_configure' from command line to 'False'
[0.176s] Level 5:colcon.colcon_core.verb:set package 'my_package' build argument 'ament_cmake_args' from command line to 'None'
[0.176s] Level 5:colcon.colcon_core.verb:set package 'my_package' build argument 'catkin_cmake_args' from command line to 'None'
[0.176s] Level 5:colcon.colcon_core.verb:set package 'my_package' build argument 'catkin_skip_building_tests' from command line to 'False'
[0.176s] DEBUG:colcon.colcon_core.verb:Building package 'my_package' with the following arguments: {'ament_cmake_args': None, 'build_base': '/home/xprize_vr2/B2lly_Ws/build/my_package', 'catkin_cmake_args': None, 'catkin_skip_building_tests': False, 'cmake_args': None, 'cmake_clean_cache': False, 'cmake_clean_first': False, 'cmake_force_configure': False, 'cmake_target': None, 'cmake_target_skip_unavailable': False, 'install_base': '/home/xprize_vr2/B2lly_Ws/install/my_package', 'merge_install': False, 'path': '/home/xprize_vr2/B2lly_Ws/src/my_package', 'symlink_install': False, 'test_result_base': None}
[0.178s] Level 5:colcon.colcon_core.verb:set package 'py_pubsub' build argument 'cmake_args' from command line to 'None'
[0.178s] Level 5:colcon.colcon_core.verb:set package 'py_pubsub' build argument 'cmake_target' from command line to 'None'
[0.178s] Level 5:colcon.colcon_core.verb:set package 'py_pubsub' build argument 'cmake_target_skip_unavailable' from command line to 'False'
[0.178s] Level 5:colcon.colcon_core.verb:set package 'py_pubsub' build argument 'cmake_clean_cache' from command line to 'False'
[0.178s] Level 5:colcon.colcon_core.verb:set package 'py_pubsub' build argument 'cmake_clean_first' from command line to 'False'
[0.178s] Level 5:colcon.colcon_core.verb:set package 'py_pubsub' build argument 'cmake_force_configure' from command line to 'False'
[0.178s] Level 5:colcon.colcon_core.verb:set package 'py_pubsub' build argument 'ament_cmake_args' from command line to 'None'
[0.179s] Level 5:colcon.colcon_core.verb:set package 'py_pubsub' build argument 'catkin_cmake_args' from command line to 'None'
[0.179s] Level 5:colcon.colcon_core.verb:set package 'py_pubsub' build argument 'catkin_skip_building_tests' from command line to 'False'
[0.179s] DEBUG:colcon.colcon_core.verb:Building package 'py_pubsub' with the following arguments: {'ament_cmake_args': None, 'build_base': '/home/xprize_vr2/B2lly_Ws/build/py_pubsub', 'catkin_cmake_args': None, 'catkin_skip_building_tests': False, 'cmake_args': None, 'cmake_clean_cache': False, 'cmake_clean_first': False, 'cmake_force_configure': False, 'cmake_target': None, 'cmake_target_skip_unavailable': False, 'install_base': '/home/xprize_vr2/B2lly_Ws/install/py_pubsub', 'merge_install': False, 'path': '/home/xprize_vr2/B2lly_Ws/src/py_pubsub', 'symlink_install': False, 'test_result_base': None}
[0.181s] Level 5:colcon.colcon_core.verb:set package 'turtlesim' build argument 'cmake_args' from command line to 'None'
[0.181s] Level 5:colcon.colcon_core.verb:set package 'turtlesim' build argument 'cmake_target' from command line to 'None'
[0.181s] Level 5:colcon.colcon_core.verb:set package 'turtlesim' build argument 'cmake_target_skip_unavailable' from command line to 'False'
[0.181s] Level 5:colcon.colcon_core.verb:set package 'turtlesim' build argument 'cmake_clean_cache' from command line to 'False'
[0.181s] Level 5:colcon.colcon_core.verb:set package 'turtlesim' build argument 'cmake_clean_first' from command line to 'False'
[0.181s] Level 5:colcon.colcon_core.verb:set package 'turtlesim' build argument 'cmake_force_configure' from command line to 'False'
[0.181s] Level 5:colcon.colcon_core.verb:set package 'turtlesim' build argument 'ament_cmake_args' from command line to 'None'
[0.181s] Level 5:colcon.colcon_core.verb:set package 'turtlesim' build argument 'catkin_cmake_args' from command line to 'None'
[0.181s] Level 5:colcon.colcon_core.verb:set package 'turtlesim' build argument 'catkin_skip_building_tests' from command line to 'False'
[0.181s] DEBUG:colcon.colcon_core.verb:Building package 'turtlesim' with the following arguments: {'ament_cmake_args': None, 'build_base': '/home/xprize_vr2/B2lly_Ws/build/turtlesim', 'catkin_cmake_args': None, 'catkin_skip_building_tests': False, 'cmake_args': None, 'cmake_clean_cache': False, 'cmake_clean_first': False, 'cmake_force_configure': False, 'cmake_target': None, 'cmake_target_skip_unavailable': False, 'install_base': '/home/xprize_vr2/B2lly_Ws/install/turtlesim', 'merge_install': False, 'path': '/home/xprize_vr2/B2lly_Ws/src/ros_tutorials/turtlesim', 'symlink_install': False, 'test_result_base': None}
[0.181s] INFO:colcon.colcon_core.executor:Executing jobs using 'parallel' executor
[0.183s] DEBUG:colcon.colcon_parallel_executor.executor.parallel:run_until_complete
[0.183s] INFO:colcon.colcon_ros.task.ament_python.build:Building ROS package in '/home/xprize_vr2/B2lly_Ws/src/my_package' with build type 'ament_python'
[0.183s] Level 1:colcon.colcon_core.shell:create_environment_hook('my_package', 'ament_prefix_path')
[0.186s] INFO:colcon.colcon_core.plugin_system:Skipping extension 'colcon_core.shell.bat': Not used on non-Windows systems
[0.186s] INFO:colcon.colcon_core.shell:Creating environment hook '/home/xprize_vr2/B2lly_Ws/install/my_package/share/my_package/hook/ament_prefix_path.ps1'
[0.186s] INFO:colcon.colcon_core.shell:Creating environment descriptor '/home/xprize_vr2/B2lly_Ws/install/my_package/share/my_package/hook/ament_prefix_path.dsv'
[0.187s] INFO:colcon.colcon_core.shell:Creating environment hook '/home/xprize_vr2/B2lly_Ws/install/my_package/share/my_package/hook/ament_prefix_path.sh'
[0.188s] INFO:colcon.colcon_core.shell:Skip shell extension 'powershell' for command environment: Not usable outside of PowerShell
[0.188s] DEBUG:colcon.colcon_core.shell:Skip shell extension 'dsv' for command environment
[0.190s] DEBUG:colcon.colcon_core.shell:Ignoring prefix path '/opt/ros/dashing'
[0.190s] DEBUG:colcon.colcon_core.shell:Ignoring prefix path '/home/xprize_vr2/Bally_Ws/devel'
[0.190s] DEBUG:colcon.colcon_core.shell:Ignoring prefix path '/opt/ros/melodic'
[0.193s] INFO:colcon.colcon_ros.task.ament_python.build:Building ROS package in '/home/xprize_vr2/B2lly_Ws/src/py_pubsub' with build type 'ament_python'
[0.193s] Level 1:colcon.colcon_core.shell:create_environment_hook('py_pubsub', 'ament_prefix_path')
[0.194s] INFO:colcon.colcon_core.shell:Creating environment hook '/home/xprize_vr2/B2lly_Ws/install/py_pubsub/share/py_pubsub/hook/ament_prefix_path.ps1'
[0.194s] INFO:colcon.colcon_core.shell:Creating environment descriptor '/home/xprize_vr2/B2lly_Ws/install/py_pubsub/share/py_pubsub/hook/ament_prefix_path.dsv'
[0.195s] INFO:colcon.colcon_core.shell:Creating environment hook '/home/xprize_vr2/B2lly_Ws/install/py_pubsub/share/py_pubsub/hook/ament_prefix_path.sh'
[0.195s] INFO:colcon.colcon_core.shell:Skip shell extension 'powershell' for command environment: Not usable outside of PowerShell
[0.195s] DEBUG:colcon.colcon_core.shell:Skip shell extension 'dsv' for command environment
[0.197s] DEBUG:colcon.colcon_core.shell:Ignoring prefix path '/opt/ros/dashing'
[0.197s] DEBUG:colcon.colcon_core.shell:Ignoring prefix path '/home/xprize_vr2/Bally_Ws/devel'
[0.197s] DEBUG:colcon.colcon_core.shell:Ignoring prefix path '/opt/ros/melodic'
[0.199s] INFO:colcon.colcon_ros.task.ament_cmake.build:Building ROS package in '/home/xprize_vr2/B2lly_Ws/src/ros_tutorials/turtlesim' with build type 'ament_cmake'
[0.199s] INFO:colcon.colcon_cmake.task.cmake.build:Building CMake package in '/home/xprize_vr2/B2lly_Ws/src/ros_tutorials/turtlesim'
[0.200s] INFO:colcon.colcon_core.shell:Skip shell extension 'powershell' for command environment: Not usable outside of PowerShell
[0.200s] DEBUG:colcon.colcon_core.shell:Skip shell extension 'dsv' for command environment
[0.202s] DEBUG:colcon.colcon_core.shell:Ignoring prefix path '/opt/ros/dashing'
[0.202s] DEBUG:colcon.colcon_core.shell:Ignoring prefix path '/home/xprize_vr2/Bally_Ws/devel'
[0.202s] DEBUG:colcon.colcon_core.shell:Ignoring prefix path '/opt/ros/melodic'
[0.446s] INFO:colcon.colcon_core.task.python.build:Building Python package in '/home/xprize_vr2/B2lly_Ws/src/my_package'
[0.446s] INFO:colcon.colcon_core.shell:Skip shell extension 'powershell' for command environment: Not usable outside of PowerShell
[0.447s] DEBUG:colcon.colcon_core.shell:Skip shell extension 'dsv' for command environment
[0.448s] DEBUG:colcon.colcon_core.shell:Ignoring prefix path '/opt/ros/dashing'
[0.448s] DEBUG:colcon.colcon_core.shell:Ignoring prefix path '/home/xprize_vr2/Bally_Ws/devel'
[0.448s] DEBUG:colcon.colcon_core.shell:Ignoring prefix path '/opt/ros/melodic'
[0.674s] INFO:colcon.colcon_core.task.python.build:Building Python package in '/home/xprize_vr2/B2lly_Ws/src/py_pubsub'
[0.675s] INFO:colcon.colcon_core.shell:Skip shell extension 'powershell' for command environment: Not usable outside of PowerShell
[0.675s] DEBUG:colcon.colcon_core.shell:Skip shell extension 'dsv' for command environment
[0.676s] DEBUG:colcon.colcon_core.shell:Ignoring prefix path '/opt/ros/dashing'
[0.676s] DEBUG:colcon.colcon_core.shell:Ignoring prefix path '/home/xprize_vr2/Bally_Ws/devel'
[0.677s] DEBUG:colcon.colcon_core.shell:Ignoring prefix path '/opt/ros/melodic'
[0.682s] DEBUG:colcon.colcon_core.event_handler.log_command:Invoking command in '/home/xprize_vr2/B2lly_Ws/build/turtlesim': CMAKE_PREFIX_PATH=/home/xprize_vr2/B2lly_Ws/install/turtlesim:/home/xprize_vr2/B2lly_Ws/install/py_pubsub:/home/xprize_vr2/B2lly_Ws/install/my_package:/opt/ros/dashing:/home/xprize_vr2/Bally_Ws/devel:/opt/ros/melodic /usr/bin/cmake --build /home/xprize_vr2/B2lly_Ws/build/turtlesim -- -j6 -l6
[0.691s] DEBUG:colcon.colcon_core.event_handler.log_command:Invoking command in '/home/xprize_vr2/B2lly_Ws/src/my_package': PYTHONPATH=/home/xprize_vr2/B2lly_Ws/install/my_package/lib/python3.6/site-packages:${PYTHONPATH} /usr/bin/python3 setup.py egg_info --egg-base /home/xprize_vr2/B2lly_Ws/build/my_package build --build-base /home/xprize_vr2/B2lly_Ws/build/my_package/build install --prefix /home/xprize_vr2/B2lly_Ws/install/my_package --record /home/xprize_vr2/B2lly_Ws/build/my_package/install.log --single-version-externally-managed
[0.692s] DEBUG:colcon.colcon_core.event_handler.log_command:Invoking command in '/home/xprize_vr2/B2lly_Ws/src/py_pubsub': PYTHONPATH=/home/xprize_vr2/B2lly_Ws/install/py_pubsub/lib/python3.6/site-packages:${PYTHONPATH} /usr/bin/python3 setup.py egg_info --egg-base /home/xprize_vr2/B2lly_Ws/build/py_pubsub build --build-base /home/xprize_vr2/B2lly_Ws/build/py_pubsub/build install --prefix /home/xprize_vr2/B2lly_Ws/install/py_pubsub --record /home/xprize_vr2/B2lly_Ws/build/py_pubsub/install.log --single-version-externally-managed
[0.992s] DEBUG:colcon.colcon_core.event_handler.log_command:Invoked command in '/home/xprize_vr2/B2lly_Ws/src/my_package' returned '0': PYTHONPATH=/home/xprize_vr2/B2lly_Ws/install/my_package/lib/python3.6/site-packages:${PYTHONPATH} /usr/bin/python3 setup.py egg_info --egg-base /home/xprize_vr2/B2lly_Ws/build/my_package build --build-base /home/xprize_vr2/B2lly_Ws/build/my_package/build install --prefix /home/xprize_vr2/B2lly_Ws/install/my_package --record /home/xprize_vr2/B2lly_Ws/build/my_package/install.log --single-version-externally-managed
[0.994s] Level 1:colcon.colcon_core.environment:checking '/home/xprize_vr2/B2lly_Ws/install/my_package' for CMake module files
[0.995s] Level 1:colcon.colcon_core.environment:checking '/home/xprize_vr2/B2lly_Ws/install/my_package' for CMake config files
[0.996s] Level 1:colcon.colcon_core.environment:checking '/home/xprize_vr2/B2lly_Ws/install/my_package/lib'
[0.996s] Level 1:colcon.colcon_core.environment:checking '/home/xprize_vr2/B2lly_Ws/install/my_package/bin'
[0.996s] Level 1:colcon.colcon_core.environment:checking '/home/xprize_vr2/B2lly_Ws/install/my_package/lib/pkgconfig/my_package.pc'
[0.996s] Level 1:colcon.colcon_core.environment:checking '/home/xprize_vr2/B2lly_Ws/install/my_package/lib/python3.6/site-packages'
[0.996s] Level 1:colcon.colcon_core.shell:create_environment_hook('my_package', 'pythonpath')
[0.997s] INFO:colcon.colcon_core.shell:Creating environment hook '/home/xprize_vr2/B2lly_Ws/install/my_package/share/my_package/hook/pythonpath.ps1'
[0.997s] INFO:colcon.colcon_core.shell:Creating environment descriptor '/home/xprize_vr2/B2lly_Ws/install/my_package/share/my_package/hook/pythonpath.dsv'
[0.997s] INFO:colcon.colcon_core.shell:Creating environment hook '/home/xprize_vr2/B2lly_Ws/install/my_package/share/my_package/hook/pythonpath.sh'
[0.998s] Level 1:colcon.colcon_core.environment:create_environment_scripts_only(my_package)
[0.999s] INFO:colcon.colcon_core.shell:Creating package script '/home/xprize_vr2/B2lly_Ws/install/my_package/share/my_package/package.ps1'
[0.999s] INFO:colcon.colcon_core.shell:Creating package descriptor '/home/xprize_vr2/B2lly_Ws/install/my_package/share/my_package/package.dsv'
[1.000s] INFO:colcon.colcon_core.shell:Creating package script '/home/xprize_vr2/B2lly_Ws/install/my_package/share/my_package/package.sh'
[1.000s] INFO:colcon.colcon_core.shell:Creating package script '/home/xprize_vr2/B2lly_Ws/install/my_package/share/my_package/package.bash'
[1.001s] INFO:colcon.colcon_core.shell:Creating package script '/home/xprize_vr2/B2lly_Ws/install/my_package/share/my_package/package.zsh'
[1.002s] Level 1:colcon.colcon_core.environment:create_file_with_runtime_dependencies(/home/xprize_vr2/B2lly_Ws/install/my_package/share/colcon-core/packages/my_package)
[1.003s] Level 1:colcon.colcon_core.environment:checking '/home/xprize_vr2/B2lly_Ws/install/py_pubsub' for CMake module files
[1.004s] DEBUG:colcon.colcon_core.event_handler.log_command:Invoked command in '/home/xprize_vr2/B2lly_Ws/src/py_pubsub' returned '0': PYTHONPATH=/home/xprize_vr2/B2lly_Ws/install/py_pubsub/lib/python3.6/site-packages:${PYTHONPATH} /usr/bin/python3 setup.py egg_info --egg-base /home/xprize_vr2/B2lly_Ws/build/py_pubsub build --build-base /home/xprize_vr2/B2lly_Ws/build/py_pubsub/build install --prefix /home/xprize_vr2/B2lly_Ws/install/py_pubsub --record /home/xprize_vr2/B2lly_Ws/build/py_pubsub/install.log --single-version-externally-managed
[1.004s] Level 1:colcon.colcon_core.environment:checking '/home/xprize_vr2/B2lly_Ws/install/py_pubsub' for CMake config files
[1.005s] Level 1:colcon.colcon_core.environment:checking '/home/xprize_vr2/B2lly_Ws/install/py_pubsub/lib'
[1.005s] Level 1:colcon.colcon_core.environment:checking '/home/xprize_vr2/B2lly_Ws/install/py_pubsub/bin'
[1.005s] Level 1:colcon.colcon_core.environment:checking '/home/xprize_vr2/B2lly_Ws/install/py_pubsub/lib/pkgconfig/py_pubsub.pc'
[1.005s] Level 1:colcon.colcon_core.environment:checking '/home/xprize_vr2/B2lly_Ws/install/py_pubsub/lib/python3.6/site-packages'
[1.005s] Level 1:colcon.colcon_core.shell:create_environment_hook('py_pubsub', 'pythonpath')
[1.006s] INFO:colcon.colcon_core.shell:Creating environment hook '/home/xprize_vr2/B2lly_Ws/install/py_pubsub/share/py_pubsub/hook/pythonpath.ps1'
[1.006s] INFO:colcon.colcon_core.shell:Creating environment descriptor '/home/xprize_vr2/B2lly_Ws/install/py_pubsub/share/py_pubsub/hook/pythonpath.dsv'
[1.006s] INFO:colcon.colcon_core.shell:Creating environment hook '/home/xprize_vr2/B2lly_Ws/install/py_pubsub/share/py_pubsub/hook/pythonpath.sh'
[1.006s] Level 1:colcon.colcon_core.environment:create_environment_scripts_only(py_pubsub)
[1.007s] INFO:colcon.colcon_core.shell:Creating package script '/home/xprize_vr2/B2lly_Ws/install/py_pubsub/share/py_pubsub/package.ps1'
[1.007s] INFO:colcon.colcon_core.shell:Creating package descriptor '/home/xprize_vr2/B2lly_Ws/install/py_pubsub/share/py_pubsub/package.dsv'
[1.008s] INFO:colcon.colcon_core.shell:Creating package script '/home/xprize_vr2/B2lly_Ws/install/py_pubsub/share/py_pubsub/package.sh'
[1.008s] INFO:colcon.colcon_core.shell:Creating package script '/home/xprize_vr2/B2lly_Ws/install/py_pubsub/share/py_pubsub/package.bash'
[1.008s] INFO:colcon.colcon_core.shell:Creating package script '/home/xprize_vr2/B2lly_Ws/install/py_pubsub/share/py_pubsub/package.zsh'
[1.009s] Level 1:colcon.colcon_core.environment:create_file_with_runtime_dependencies(/home/xprize_vr2/B2lly_Ws/install/py_pubsub/share/colcon-core/packages/py_pubsub)
[1.037s] DEBUG:colcon.colcon_core.event_handler.log_command:Invoked command in '/home/xprize_vr2/B2lly_Ws/build/turtlesim' returned '0': CMAKE_PREFIX_PATH=/home/xprize_vr2/B2lly_Ws/install/turtlesim:/home/xprize_vr2/B2lly_Ws/install/py_pubsub:/home/xprize_vr2/B2lly_Ws/install/my_package:/opt/ros/dashing:/home/xprize_vr2/Bally_Ws/devel:/opt/ros/melodic /usr/bin/cmake --build /home/xprize_vr2/B2lly_Ws/build/turtlesim -- -j6 -l6
[1.271s] DEBUG:colcon.colcon_core.event_handler.log_command:Invoking command in '/home/xprize_vr2/B2lly_Ws/build/turtlesim': CMAKE_PREFIX_PATH=/home/xprize_vr2/B2lly_Ws/install/turtlesim:/home/xprize_vr2/B2lly_Ws/install/py_pubsub:/home/xprize_vr2/B2lly_Ws/install/my_package:/opt/ros/dashing:/home/xprize_vr2/Bally_Ws/devel:/opt/ros/melodic /usr/bin/cmake --build /home/xprize_vr2/B2lly_Ws/build/turtlesim --target install -- -j6 -l6
[1.688s] Level 1:colcon.colcon_core.environment:create_environment_scripts_only(turtlesim)
[1.689s] Level 1:colcon.colcon_core.environment:checking '/home/xprize_vr2/B2lly_Ws/install/turtlesim' for CMake module files
[1.690s] DEBUG:colcon.colcon_core.event_handler.log_command:Invoked command in '/home/xprize_vr2/B2lly_Ws/build/turtlesim' returned '0': CMAKE_PREFIX_PATH=/home/xprize_vr2/B2lly_Ws/install/turtlesim:/home/xprize_vr2/B2lly_Ws/install/py_pubsub:/home/xprize_vr2/B2lly_Ws/install/my_package:/opt/ros/dashing:/home/xprize_vr2/Bally_Ws/devel:/opt/ros/melodic /usr/bin/cmake --build /home/xprize_vr2/B2lly_Ws/build/turtlesim --target install -- -j6 -l6
[1.690s] Level 1:colcon.colcon_core.environment:checking '/home/xprize_vr2/B2lly_Ws/install/turtlesim' for CMake config files
[1.691s] Level 1:colcon.colcon_core.shell:create_environment_hook('turtlesim', 'cmake_prefix_path')
[1.691s] INFO:colcon.colcon_core.shell:Creating environment hook '/home/xprize_vr2/B2lly_Ws/install/turtlesim/share/turtlesim/hook/cmake_prefix_path.ps1'
[1.692s] INFO:colcon.colcon_core.shell:Creating environment descriptor '/home/xprize_vr2/B2lly_Ws/install/turtlesim/share/turtlesim/hook/cmake_prefix_path.dsv'
[1.692s] INFO:colcon.colcon_core.shell:Creating environment hook '/home/xprize_vr2/B2lly_Ws/install/turtlesim/share/turtlesim/hook/cmake_prefix_path.sh'
[1.693s] Level 1:colcon.colcon_core.environment:checking '/home/xprize_vr2/B2lly_Ws/install/turtlesim/lib'
[1.693s] Level 1:colcon.colcon_core.shell:create_environment_hook('turtlesim', 'ld_library_path_lib')
[1.693s] INFO:colcon.colcon_core.shell:Creating environment hook '/home/xprize_vr2/B2lly_Ws/install/turtlesim/share/turtlesim/hook/ld_library_path_lib.ps1'
[1.693s] INFO:colcon.colcon_core.shell:Creating environment descriptor '/home/xprize_vr2/B2lly_Ws/install/turtlesim/share/turtlesim/hook/ld_library_path_lib.dsv'
[1.694s] INFO:colcon.colcon_core.shell:Creating environment hook '/home/xprize_vr2/B2lly_Ws/install/turtlesim/share/turtlesim/hook/ld_library_path_lib.sh'
[1.694s] Level 1:colcon.colcon_core.environment:checking '/home/xprize_vr2/B2lly_Ws/install/turtlesim/bin'
[1.694s] Level 1:colcon.colcon_core.environment:checking '/home/xprize_vr2/B2lly_Ws/install/turtlesim/lib/pkgconfig/turtlesim.pc'
[1.694s] Level 1:colcon.colcon_core.environment:checking '/home/xprize_vr2/B2lly_Ws/install/turtlesim/lib/python3.6/site-packages'
[1.694s] Level 1:colcon.colcon_core.shell:create_environment_hook('turtlesim', 'pythonpath')
[1.695s] INFO:colcon.colcon_core.shell:Creating environment hook '/home/xprize_vr2/B2lly_Ws/install/turtlesim/share/turtlesim/hook/pythonpath.ps1'
[1.695s] INFO:colcon.colcon_core.shell:Creating environment descriptor '/home/xprize_vr2/B2lly_Ws/install/turtlesim/share/turtlesim/hook/pythonpath.dsv'
[1.695s] INFO:colcon.colcon_core.shell:Creating environment hook '/home/xprize_vr2/B2lly_Ws/install/turtlesim/share/turtlesim/hook/pythonpath.sh'
[1.696s] INFO:colcon.colcon_core.shell:Creating package script '/home/xprize_vr2/B2lly_Ws/install/turtlesim/share/turtlesim/package.ps1'
[1.696s] INFO:colcon.colcon_core.shell:Creating package descriptor '/home/xprize_vr2/B2lly_Ws/install/turtlesim/share/turtlesim/package.dsv'
[1.697s] INFO:colcon.colcon_core.shell:Creating package script '/home/xprize_vr2/B2lly_Ws/install/turtlesim/share/turtlesim/package.sh'
[1.697s] INFO:colcon.colcon_core.shell:Creating package script '/home/xprize_vr2/B2lly_Ws/install/turtlesim/share/turtlesim/package.bash'
[1.697s] INFO:colcon.colcon_core.shell:Creating package script '/home/xprize_vr2/B2lly_Ws/install/turtlesim/share/turtlesim/package.zsh'
[1.698s] Level 1:colcon.colcon_core.environment:create_file_with_runtime_dependencies(/home/xprize_vr2/B2lly_Ws/install/turtlesim/share/colcon-core/packages/turtlesim)
[1.698s] DEBUG:colcon.colcon_parallel_executor.executor.parallel:closing loop
[1.699s] DEBUG:colcon.colcon_parallel_executor.executor.parallel:loop closed
[1.699s] DEBUG:colcon.colcon_parallel_executor.executor.parallel:run_until_complete finished with '0'
[1.699s] DEBUG:colcon.colcon_core.event_reactor:joining thread
[1.704s] INFO:colcon.colcon_core.plugin_system:Skipping extension 'colcon_notification.desktop_notification.terminal_notifier': Not used on non-Darwin systems
[1.704s] INFO:colcon.colcon_core.plugin_system:Skipping extension 'colcon_notification.desktop_notification.win32': Not used on non-Windows systems
[1.704s] INFO:colcon.colcon_notification.desktop_notification:Sending desktop notification using 'notify2'
[1.706s] DEBUG:colcon.colcon_core.event_reactor:joined thread
[1.706s] INFO:colcon.colcon_core.shell:Creating prefix script '/home/xprize_vr2/B2lly_Ws/install/local_setup.ps1'
[1.707s] INFO:colcon.colcon_core.shell:Creating prefix util module '/home/xprize_vr2/B2lly_Ws/install/_local_setup_util_ps1.py'
[1.708s] INFO:colcon.colcon_core.shell:Creating prefix chain script '/home/xprize_vr2/B2lly_Ws/install/setup.ps1'
[1.710s] INFO:colcon.colcon_core.shell:Creating prefix script '/home/xprize_vr2/B2lly_Ws/install/local_setup.sh'
[1.711s] INFO:colcon.colcon_core.shell:Creating prefix util module '/home/xprize_vr2/B2lly_Ws/install/_local_setup_util_sh.py'
[1.711s] INFO:colcon.colcon_core.shell:Creating prefix chain script '/home/xprize_vr2/B2lly_Ws/install/setup.sh'
[1.713s] INFO:colcon.colcon_core.shell:Creating prefix script '/home/xprize_vr2/B2lly_Ws/install/local_setup.bash'
[1.713s] INFO:colcon.colcon_core.shell:Creating prefix chain script '/home/xprize_vr2/B2lly_Ws/install/setup.bash'
[1.715s] INFO:colcon.colcon_core.shell:Creating prefix script '/home/xprize_vr2/B2lly_Ws/install/local_setup.zsh'
[1.716s] INFO:colcon.colcon_core.shell:Creating prefix chain script '/home/xprize_vr2/B2lly_Ws/install/setup.zsh'
