[0.506s] Invoking command in '/home/xprize_vr2/B2lly_Ws/src/my_package': PYTHONPATH=/home/xprize_vr2/B2lly_Ws/install/my_package/lib/python3.6/site-packages:${PYTHONPATH} /usr/bin/python3 setup.py egg_info --egg-base /home/xprize_vr2/B2lly_Ws/build/my_package build --build-base /home/xprize_vr2/B2lly_Ws/build/my_package/build install --prefix /home/xprize_vr2/B2lly_Ws/install/my_package --record /home/xprize_vr2/B2lly_Ws/build/my_package/install.log --single-version-externally-managed
[0.729s] running egg_info
[0.729s] writing /home/xprize_vr2/B2lly_Ws/build/my_package/my_package.egg-info/PKG-INFO
[0.729s] writing dependency_links to /home/xprize_vr2/B2lly_Ws/build/my_package/my_package.egg-info/dependency_links.txt
[0.730s] writing entry points to /home/xprize_vr2/B2lly_Ws/build/my_package/my_package.egg-info/entry_points.txt
[0.730s] writing requirements to /home/xprize_vr2/B2lly_Ws/build/my_package/my_package.egg-info/requires.txt
[0.730s] writing top-level names to /home/xprize_vr2/B2lly_Ws/build/my_package/my_package.egg-info/top_level.txt
[0.755s] reading manifest file '/home/xprize_vr2/B2lly_Ws/build/my_package/my_package.egg-info/SOURCES.txt'
[0.756s] writing manifest file '/home/xprize_vr2/B2lly_Ws/build/my_package/my_package.egg-info/SOURCES.txt'
[0.757s] running build
[0.757s] running build_py
[0.757s] running install
[0.757s] running install_lib
[0.758s] running install_data
[0.758s] running install_egg_info
[0.760s] removing '/home/xprize_vr2/B2lly_Ws/install/my_package/lib/python3.6/site-packages/my_package-0.0.0-py3.6.egg-info' (and everything under it)
[0.761s] Copying /home/xprize_vr2/B2lly_Ws/build/my_package/my_package.egg-info to /home/xprize_vr2/B2lly_Ws/install/my_package/lib/python3.6/site-packages/my_package-0.0.0-py3.6.egg-info
[0.761s] running install_scripts
[0.777s] Installing my_node script to /home/xprize_vr2/B2lly_Ws/install/my_package/lib/my_package
[0.778s] writing list of installed files to '/home/xprize_vr2/B2lly_Ws/build/my_package/install.log'
[0.808s] Invoked command in '/home/xprize_vr2/B2lly_Ws/src/my_package' returned '0': PYTHONPATH=/home/xprize_vr2/B2lly_Ws/install/my_package/lib/python3.6/site-packages:${PYTHONPATH} /usr/bin/python3 setup.py egg_info --egg-base /home/xprize_vr2/B2lly_Ws/build/my_package build --build-base /home/xprize_vr2/B2lly_Ws/build/my_package/build install --prefix /home/xprize_vr2/B2lly_Ws/install/my_package --record /home/xprize_vr2/B2lly_Ws/build/my_package/install.log --single-version-externally-managed
