Determining if the pthread_create exist failed with the following output:
Change Dir: /home/xprize/Bally_Workspace/build/CMakeFiles/CMakeTmp

Run Build Command:"/usr/bin/make" "cmTC_bec7d/fast"
/usr/bin/make -f CMakeFiles/cmTC_bec7d.dir/build.make CMakeFiles/cmTC_bec7d.dir/build
make[1]: Entering directory '/home/xprize/Bally_Workspace/build/CMakeFiles/CMakeTmp'
Building C object CMakeFiles/cmTC_bec7d.dir/CheckSymbolExists.c.o
/usr/bin/cc    -o CMakeFiles/cmTC_bec7d.dir/CheckSymbolExists.c.o   -c /home/xprize/Bally_Workspace/build/CMakeFiles/CMakeTmp/CheckSymbolExists.c
Linking C executable cmTC_bec7d
/usr/bin/cmake -E cmake_link_script CMakeFiles/cmTC_bec7d.dir/link.txt --verbose=1
/usr/bin/cc      -rdynamic CMakeFiles/cmTC_bec7d.dir/CheckSymbolExists.c.o  -o cmTC_bec7d 
CMakeFiles/cmTC_bec7d.dir/CheckSymbolExists.c.o: In function `main':
CheckSymbolExists.c:(.text+0x1b): undefined reference to `pthread_create'
collect2: error: ld returned 1 exit status
CMakeFiles/cmTC_bec7d.dir/build.make:97: recipe for target 'cmTC_bec7d' failed
make[1]: *** [cmTC_bec7d] Error 1
make[1]: Leaving directory '/home/xprize/Bally_Workspace/build/CMakeFiles/CMakeTmp'
Makefile:126: recipe for target 'cmTC_bec7d/fast' failed
make: *** [cmTC_bec7d/fast] Error 2

File /home/xprize/Bally_Workspace/build/CMakeFiles/CMakeTmp/CheckSymbolExists.c:
/* */
#include <pthread.h>

int main(int argc, char** argv)
{
  (void)argv;
#ifndef pthread_create
  return ((int*)(&pthread_create))[argc];
#else
  (void)argc;
  return 0;
#endif
}

Determining if the function pthread_create exists in the pthreads failed with the following output:
Change Dir: /home/xprize/Bally_Workspace/build/CMakeFiles/CMakeTmp

Run Build Command:"/usr/bin/make" "cmTC_3b8db/fast"
/usr/bin/make -f CMakeFiles/cmTC_3b8db.dir/build.make CMakeFiles/cmTC_3b8db.dir/build
make[1]: Entering directory '/home/xprize/Bally_Workspace/build/CMakeFiles/CMakeTmp'
Building C object CMakeFiles/cmTC_3b8db.dir/CheckFunctionExists.c.o
/usr/bin/cc   -DCHECK_FUNCTION_EXISTS=pthread_create   -o CMakeFiles/cmTC_3b8db.dir/CheckFunctionExists.c.o   -c /usr/share/cmake-3.10/Modules/CheckFunctionExists.c
Linking C executable cmTC_3b8db
/usr/bin/cmake -E cmake_link_script CMakeFiles/cmTC_3b8db.dir/link.txt --verbose=1
/usr/bin/cc  -DCHECK_FUNCTION_EXISTS=pthread_create    -rdynamic CMakeFiles/cmTC_3b8db.dir/CheckFunctionExists.c.o  -o cmTC_3b8db -lpthreads 
/usr/bin/ld: cannot find -lpthreads
collect2: error: ld returned 1 exit status
CMakeFiles/cmTC_3b8db.dir/build.make:97: recipe for target 'cmTC_3b8db' failed
make[1]: *** [cmTC_3b8db] Error 1
make[1]: Leaving directory '/home/xprize/Bally_Workspace/build/CMakeFiles/CMakeTmp'
Makefile:126: recipe for target 'cmTC_3b8db/fast' failed
make: *** [cmTC_3b8db/fast] Error 2


