Determining if the pthread_create exist failed with the following output:
Change Dir: /home/bally/catkin_ws/build_isolated/ceres-solver/install/CMakeFiles/CMakeTmp

Run Build Command:"/usr/bin/ninja" "cmTC_ff8ee"
[1/2] Building C object CMakeFiles/cmTC_ff8ee.dir/CheckSymbolExists.c.o
[2/2] Linking C executable cmTC_ff8ee
FAILED: cmTC_ff8ee 
: && /usr/bin/cc   -rdynamic CMakeFiles/cmTC_ff8ee.dir/CheckSymbolExists.c.o  -o cmTC_ff8ee   && :
CMakeFiles/cmTC_ff8ee.dir/CheckSymbolExists.c.o: In function `main':
CheckSymbolExists.c:(.text+0x1b): undefined reference to `pthread_create'
collect2: error: ld returned 1 exit status
ninja: build stopped: subcommand failed.

File /home/bally/catkin_ws/build_isolated/ceres-solver/install/CMakeFiles/CMakeTmp/CheckSymbolExists.c:
/* */
#include <pthread.h>

int main(int argc, char** argv)
{
  (void)argv;
#ifndef pthread_create
  return ((int*)(&pthread_create))[argc];
#else
  (void)argc;
  return 0;
#endif
}

Determining if the function pthread_create exists in the pthreads failed with the following output:
Change Dir: /home/bally/catkin_ws/build_isolated/ceres-solver/install/CMakeFiles/CMakeTmp

Run Build Command:"/usr/bin/ninja" "cmTC_c675f"
[1/2] Building C object CMakeFiles/cmTC_c675f.dir/CheckFunctionExists.c.o
[2/2] Linking C executable cmTC_c675f
FAILED: cmTC_c675f 
: && /usr/bin/cc -DCHECK_FUNCTION_EXISTS=pthread_create  -rdynamic CMakeFiles/cmTC_c675f.dir/CheckFunctionExists.c.o  -o cmTC_c675f  -lpthreads && :
/usr/bin/ld: cannot find -lpthreads
collect2: error: ld returned 1 exit status
ninja: build stopped: subcommand failed.


