Determining if the pthread_create exist failed with the following output:
Change Dir: /home/xprize_vr2/Bally_Ws/build/CMakeFiles/CMakeTmp

Run Build Command:"/usr/bin/make" "cmTC_2a0a9/fast"
/usr/bin/make -f CMakeFiles/cmTC_2a0a9.dir/build.make CMakeFiles/cmTC_2a0a9.dir/build
make[1]: Entering directory '/home/xprize_vr2/Bally_Ws/build/CMakeFiles/CMakeTmp'
Building C object CMakeFiles/cmTC_2a0a9.dir/CheckSymbolExists.c.o
/usr/bin/cc    -o CMakeFiles/cmTC_2a0a9.dir/CheckSymbolExists.c.o   -c /home/xprize_vr2/Bally_Ws/build/CMakeFiles/CMakeTmp/CheckSymbolExists.c
Linking C executable cmTC_2a0a9
/usr/bin/cmake -E cmake_link_script CMakeFiles/cmTC_2a0a9.dir/link.txt --verbose=1
/usr/bin/cc      -rdynamic CMakeFiles/cmTC_2a0a9.dir/CheckSymbolExists.c.o  -o cmTC_2a0a9 
CMakeFiles/cmTC_2a0a9.dir/CheckSymbolExists.c.o: In function `main':
CheckSymbolExists.c:(.text+0x1b): undefined reference to `pthread_create'
collect2: error: ld returned 1 exit status
CMakeFiles/cmTC_2a0a9.dir/build.make:97: recipe for target 'cmTC_2a0a9' failed
make[1]: *** [cmTC_2a0a9] Error 1
make[1]: Leaving directory '/home/xprize_vr2/Bally_Ws/build/CMakeFiles/CMakeTmp'
Makefile:126: recipe for target 'cmTC_2a0a9/fast' failed
make: *** [cmTC_2a0a9/fast] Error 2

File /home/xprize_vr2/Bally_Ws/build/CMakeFiles/CMakeTmp/CheckSymbolExists.c:
/* */
#include <pthread.h>

int main(int argc, char** argv)
{
  (void)argv;
#ifndef pthread_create
  return ((int*)(&pthread_create))[argc];
#else
  (void)argc;
  return 0;
#endif
}

Determining if the function pthread_create exists in the pthreads failed with the following output:
Change Dir: /home/xprize_vr2/Bally_Ws/build/CMakeFiles/CMakeTmp

Run Build Command:"/usr/bin/make" "cmTC_f0732/fast"
/usr/bin/make -f CMakeFiles/cmTC_f0732.dir/build.make CMakeFiles/cmTC_f0732.dir/build
make[1]: Entering directory '/home/xprize_vr2/Bally_Ws/build/CMakeFiles/CMakeTmp'
Building C object CMakeFiles/cmTC_f0732.dir/CheckFunctionExists.c.o
/usr/bin/cc   -DCHECK_FUNCTION_EXISTS=pthread_create   -o CMakeFiles/cmTC_f0732.dir/CheckFunctionExists.c.o   -c /usr/share/cmake-3.10/Modules/CheckFunctionExists.c
Linking C executable cmTC_f0732
/usr/bin/cmake -E cmake_link_script CMakeFiles/cmTC_f0732.dir/link.txt --verbose=1
/usr/bin/cc  -DCHECK_FUNCTION_EXISTS=pthread_create    -rdynamic CMakeFiles/cmTC_f0732.dir/CheckFunctionExists.c.o  -o cmTC_f0732 -lpthreads 
/usr/bin/ld: cannot find -lpthreads
collect2: error: ld returned 1 exit status
CMakeFiles/cmTC_f0732.dir/build.make:97: recipe for target 'cmTC_f0732' failed
make[1]: *** [cmTC_f0732] Error 1
make[1]: Leaving directory '/home/xprize_vr2/Bally_Ws/build/CMakeFiles/CMakeTmp'
Makefile:126: recipe for target 'cmTC_f0732/fast' failed
make: *** [cmTC_f0732/fast] Error 2


