[0.717s] running egg_info
[0.718s] writing /home/xprize_vr2/B2lly_Ws/build/py_pubsub/py_pubsub.egg-info/PKG-INFO
[0.718s] writing dependency_links to /home/xprize_vr2/B2lly_Ws/build/py_pubsub/py_pubsub.egg-info/dependency_links.txt
[0.718s] writing entry points to /home/xprize_vr2/B2lly_Ws/build/py_pubsub/py_pubsub.egg-info/entry_points.txt
[0.718s] writing requirements to /home/xprize_vr2/B2lly_Ws/build/py_pubsub/py_pubsub.egg-info/requires.txt
[0.718s] writing top-level names to /home/xprize_vr2/B2lly_Ws/build/py_pubsub/py_pubsub.egg-info/top_level.txt
[0.743s] reading manifest file '/home/xprize_vr2/B2lly_Ws/build/py_pubsub/py_pubsub.egg-info/SOURCES.txt'
[0.744s] writing manifest file '/home/xprize_vr2/B2lly_Ws/build/py_pubsub/py_pubsub.egg-info/SOURCES.txt'
[0.744s] running build
[0.744s] running build_py
[0.745s] running install
[0.745s] running install_lib
[0.746s] running install_data
[0.746s] running install_egg_info
[0.749s] removing '/home/xprize_vr2/B2lly_Ws/install/py_pubsub/lib/python3.6/site-packages/py_pubsub-0.0.0-py3.6.egg-info' (and everything under it)
[0.749s] Copying /home/xprize_vr2/B2lly_Ws/build/py_pubsub/py_pubsub.egg-info to /home/xprize_vr2/B2lly_Ws/install/py_pubsub/lib/python3.6/site-packages/py_pubsub-0.0.0-py3.6.egg-info
[0.750s] running install_scripts
[0.765s] Installing listener script to /home/xprize_vr2/B2lly_Ws/install/py_pubsub/lib/py_pubsub
[0.765s] Installing talker script to /home/xprize_vr2/B2lly_Ws/install/py_pubsub/lib/py_pubsub
[0.765s] writing list of installed files to '/home/xprize_vr2/B2lly_Ws/build/py_pubsub/install.log'
