Determining if the pthread_create exist failed with the following output:
Change Dir: /home/xprize_vr2/B2lly_Ws/build/turtlesim/CMakeFiles/CMakeTmp

Run Build Command:"/usr/bin/make" "cmTC_975c7/fast"
/usr/bin/make -f CMakeFiles/cmTC_975c7.dir/build.make CMakeFiles/cmTC_975c7.dir/build
make[1]: Entering directory '/home/xprize_vr2/B2lly_Ws/build/turtlesim/CMakeFiles/CMakeTmp'
Building C object CMakeFiles/cmTC_975c7.dir/CheckSymbolExists.c.o
/usr/bin/cc    -o CMakeFiles/cmTC_975c7.dir/CheckSymbolExists.c.o   -c /home/xprize_vr2/B2lly_Ws/build/turtlesim/CMakeFiles/CMakeTmp/CheckSymbolExists.c
Linking C executable cmTC_975c7
/usr/bin/cmake -E cmake_link_script CMakeFiles/cmTC_975c7.dir/link.txt --verbose=1
/usr/bin/cc      CMakeFiles/cmTC_975c7.dir/CheckSymbolExists.c.o  -o cmTC_975c7 
CMakeFiles/cmTC_975c7.dir/CheckSymbolExists.c.o: In function `main':
CheckSymbolExists.c:(.text+0x1b): undefined reference to `pthread_create'
collect2: error: ld returned 1 exit status
CMakeFiles/cmTC_975c7.dir/build.make:97: recipe for target 'cmTC_975c7' failed
make[1]: *** [cmTC_975c7] Error 1
make[1]: Leaving directory '/home/xprize_vr2/B2lly_Ws/build/turtlesim/CMakeFiles/CMakeTmp'
Makefile:126: recipe for target 'cmTC_975c7/fast' failed
make: *** [cmTC_975c7/fast] Error 2

File /home/xprize_vr2/B2lly_Ws/build/turtlesim/CMakeFiles/CMakeTmp/CheckSymbolExists.c:
/* */
#include <pthread.h>

int main(int argc, char** argv)
{
  (void)argv;
#ifndef pthread_create
  return ((int*)(&pthread_create))[argc];
#else
  (void)argc;
  return 0;
#endif
}

Determining if the function pthread_create exists in the pthreads failed with the following output:
Change Dir: /home/xprize_vr2/B2lly_Ws/build/turtlesim/CMakeFiles/CMakeTmp

Run Build Command:"/usr/bin/make" "cmTC_0713e/fast"
/usr/bin/make -f CMakeFiles/cmTC_0713e.dir/build.make CMakeFiles/cmTC_0713e.dir/build
make[1]: Entering directory '/home/xprize_vr2/B2lly_Ws/build/turtlesim/CMakeFiles/CMakeTmp'
Building C object CMakeFiles/cmTC_0713e.dir/CheckFunctionExists.c.o
/usr/bin/cc   -DCHECK_FUNCTION_EXISTS=pthread_create   -o CMakeFiles/cmTC_0713e.dir/CheckFunctionExists.c.o   -c /usr/share/cmake-3.10/Modules/CheckFunctionExists.c
Linking C executable cmTC_0713e
/usr/bin/cmake -E cmake_link_script CMakeFiles/cmTC_0713e.dir/link.txt --verbose=1
/usr/bin/cc  -DCHECK_FUNCTION_EXISTS=pthread_create    CMakeFiles/cmTC_0713e.dir/CheckFunctionExists.c.o  -o cmTC_0713e -lpthreads 
/usr/bin/ld: cannot find -lpthreads
collect2: error: ld returned 1 exit status
CMakeFiles/cmTC_0713e.dir/build.make:97: recipe for target 'cmTC_0713e' failed
make[1]: *** [cmTC_0713e] Error 1
make[1]: Leaving directory '/home/xprize_vr2/B2lly_Ws/build/turtlesim/CMakeFiles/CMakeTmp'
Makefile:126: recipe for target 'cmTC_0713e/fast' failed
make: *** [cmTC_0713e/fast] Error 2


