Determining if the pthread_create exist failed with the following output:
Change Dir: /home/bally/catkin_ws/build_isolated/cartographer_ros_msgs/CMakeFiles/CMakeTmp

Run Build Command:"/usr/bin/ninja" "cmTC_eba5b"
[1/2] Building C object CMakeFiles/cmTC_eba5b.dir/CheckSymbolExists.c.o
[2/2] Linking C executable cmTC_eba5b
FAILED: cmTC_eba5b 
: && /usr/bin/cc   -rdynamic CMakeFiles/cmTC_eba5b.dir/CheckSymbolExists.c.o  -o cmTC_eba5b   && :
CMakeFiles/cmTC_eba5b.dir/CheckSymbolExists.c.o: In function `main':
CheckSymbolExists.c:(.text+0x1b): undefined reference to `pthread_create'
collect2: error: ld returned 1 exit status
ninja: build stopped: subcommand failed.

File /home/bally/catkin_ws/build_isolated/cartographer_ros_msgs/CMakeFiles/CMakeTmp/CheckSymbolExists.c:
/* */
#include <pthread.h>

int main(int argc, char** argv)
{
  (void)argv;
#ifndef pthread_create
  return ((int*)(&pthread_create))[argc];
#else
  (void)argc;
  return 0;
#endif
}

Determining if the function pthread_create exists in the pthreads failed with the following output:
Change Dir: /home/bally/catkin_ws/build_isolated/cartographer_ros_msgs/CMakeFiles/CMakeTmp

Run Build Command:"/usr/bin/ninja" "cmTC_dc9eb"
[1/2] Building C object CMakeFiles/cmTC_dc9eb.dir/CheckFunctionExists.c.o
[2/2] Linking C executable cmTC_dc9eb
FAILED: cmTC_dc9eb 
: && /usr/bin/cc -DCHECK_FUNCTION_EXISTS=pthread_create  -rdynamic CMakeFiles/cmTC_dc9eb.dir/CheckFunctionExists.c.o  -o cmTC_dc9eb  -lpthreads && :
/usr/bin/ld: cannot find -lpthreads
collect2: error: ld returned 1 exit status
ninja: build stopped: subcommand failed.


