[0.502s] Invoking command in '/home/xprize_vr2/B2lly_Ws/src/py_pubsub': PYTHONPATH=/home/xprize_vr2/B2lly_Ws/install/py_pubsub/lib/python3.6/site-packages:${PYTHONPATH} /usr/bin/python3 setup.py egg_info --egg-base /home/xprize_vr2/B2lly_Ws/build/py_pubsub build --build-base /home/xprize_vr2/B2lly_Ws/build/py_pubsub/build install --prefix /home/xprize_vr2/B2lly_Ws/install/py_pubsub --record /home/xprize_vr2/B2lly_Ws/build/py_pubsub/install.log --single-version-externally-managed
[0.723s] running egg_info
[0.724s] writing /home/xprize_vr2/B2lly_Ws/build/py_pubsub/py_pubsub.egg-info/PKG-INFO
[0.724s] writing dependency_links to /home/xprize_vr2/B2lly_Ws/build/py_pubsub/py_pubsub.egg-info/dependency_links.txt
[0.724s] writing entry points to /home/xprize_vr2/B2lly_Ws/build/py_pubsub/py_pubsub.egg-info/entry_points.txt
[0.725s] writing requirements to /home/xprize_vr2/B2lly_Ws/build/py_pubsub/py_pubsub.egg-info/requires.txt
[0.725s] writing top-level names to /home/xprize_vr2/B2lly_Ws/build/py_pubsub/py_pubsub.egg-info/top_level.txt
[0.750s] reading manifest file '/home/xprize_vr2/B2lly_Ws/build/py_pubsub/py_pubsub.egg-info/SOURCES.txt'
[0.751s] writing manifest file '/home/xprize_vr2/B2lly_Ws/build/py_pubsub/py_pubsub.egg-info/SOURCES.txt'
[0.751s] running build
[0.751s] running build_py
[0.751s] copying py_pubsub/publisher_member_function.py -> /home/xprize_vr2/B2lly_Ws/build/py_pubsub/build/lib/py_pubsub
[0.752s] running install
[0.752s] running install_lib
[0.753s] copying /home/xprize_vr2/B2lly_Ws/build/py_pubsub/build/lib/py_pubsub/publisher_member_function.py -> /home/xprize_vr2/B2lly_Ws/install/py_pubsub/lib/python3.6/site-packages/py_pubsub
[0.754s] byte-compiling /home/xprize_vr2/B2lly_Ws/install/py_pubsub/lib/python3.6/site-packages/py_pubsub/publisher_member_function.py to publisher_member_function.cpython-36.pyc
[0.754s] running install_data
[0.754s] running install_egg_info
[0.756s] removing '/home/xprize_vr2/B2lly_Ws/install/py_pubsub/lib/python3.6/site-packages/py_pubsub-0.0.0-py3.6.egg-info' (and everything under it)
[0.757s] Copying /home/xprize_vr2/B2lly_Ws/build/py_pubsub/py_pubsub.egg-info to /home/xprize_vr2/B2lly_Ws/install/py_pubsub/lib/python3.6/site-packages/py_pubsub-0.0.0-py3.6.egg-info
[0.757s] running install_scripts
[0.771s] Installing listener script to /home/xprize_vr2/B2lly_Ws/install/py_pubsub/lib/py_pubsub
[0.772s] Installing talker script to /home/xprize_vr2/B2lly_Ws/install/py_pubsub/lib/py_pubsub
[0.772s] writing list of installed files to '/home/xprize_vr2/B2lly_Ws/build/py_pubsub/install.log'
[0.803s] Invoked command in '/home/xprize_vr2/B2lly_Ws/src/py_pubsub' returned '0': PYTHONPATH=/home/xprize_vr2/B2lly_Ws/install/py_pubsub/lib/python3.6/site-packages:${PYTHONPATH} /usr/bin/python3 setup.py egg_info --egg-base /home/xprize_vr2/B2lly_Ws/build/py_pubsub build --build-base /home/xprize_vr2/B2lly_Ws/build/py_pubsub/build install --prefix /home/xprize_vr2/B2lly_Ws/install/py_pubsub --record /home/xprize_vr2/B2lly_Ws/build/py_pubsub/install.log --single-version-externally-managed
