[0.231s] Invoking command in '/home/xprize_vr2/B2lly_Ws/src/py_pubsub': PYTHONPATH=/home/xprize_vr2/B2lly_Ws/install/py_pubsub/lib/python3.6/site-packages:${PYTHONPATH} /usr/bin/python3 setup.py egg_info --egg-base /home/xprize_vr2/B2lly_Ws/build/py_pubsub build --build-base /home/xprize_vr2/B2lly_Ws/build/py_pubsub/build install --prefix /home/xprize_vr2/B2lly_Ws/install/py_pubsub --record /home/xprize_vr2/B2lly_Ws/build/py_pubsub/install.log --single-version-externally-managed
[0.440s] running egg_info
[0.440s] creating /home/xprize_vr2/B2lly_Ws/build/py_pubsub/py_pubsub.egg-info
[0.440s] writing /home/xprize_vr2/B2lly_Ws/build/py_pubsub/py_pubsub.egg-info/PKG-INFO
[0.440s] writing dependency_links to /home/xprize_vr2/B2lly_Ws/build/py_pubsub/py_pubsub.egg-info/dependency_links.txt
[0.441s] writing entry points to /home/xprize_vr2/B2lly_Ws/build/py_pubsub/py_pubsub.egg-info/entry_points.txt
[0.441s] writing requirements to /home/xprize_vr2/B2lly_Ws/build/py_pubsub/py_pubsub.egg-info/requires.txt
[0.441s] writing top-level names to /home/xprize_vr2/B2lly_Ws/build/py_pubsub/py_pubsub.egg-info/top_level.txt
[0.441s] writing manifest file '/home/xprize_vr2/B2lly_Ws/build/py_pubsub/py_pubsub.egg-info/SOURCES.txt'
[0.466s] reading manifest file '/home/xprize_vr2/B2lly_Ws/build/py_pubsub/py_pubsub.egg-info/SOURCES.txt'
[0.466s] writing manifest file '/home/xprize_vr2/B2lly_Ws/build/py_pubsub/py_pubsub.egg-info/SOURCES.txt'
[0.467s] running build
[0.467s] running build_py
[0.467s] creating /home/xprize_vr2/B2lly_Ws/build/py_pubsub/build
[0.467s] creating /home/xprize_vr2/B2lly_Ws/build/py_pubsub/build/lib
[0.467s] creating /home/xprize_vr2/B2lly_Ws/build/py_pubsub/build/lib/py_pubsub
[0.467s] copying py_pubsub/publisher_member_function.py -> /home/xprize_vr2/B2lly_Ws/build/py_pubsub/build/lib/py_pubsub
[0.467s] copying py_pubsub/__init__.py -> /home/xprize_vr2/B2lly_Ws/build/py_pubsub/build/lib/py_pubsub
[0.467s] copying py_pubsub/subscriber_member_function.py -> /home/xprize_vr2/B2lly_Ws/build/py_pubsub/build/lib/py_pubsub
[0.467s] running install
[0.468s] running install_lib
[0.468s] creating /home/xprize_vr2/B2lly_Ws/install/py_pubsub/lib/python3.6/site-packages/py_pubsub
[0.468s] copying /home/xprize_vr2/B2lly_Ws/build/py_pubsub/build/lib/py_pubsub/publisher_member_function.py -> /home/xprize_vr2/B2lly_Ws/install/py_pubsub/lib/python3.6/site-packages/py_pubsub
[0.468s] copying /home/xprize_vr2/B2lly_Ws/build/py_pubsub/build/lib/py_pubsub/__init__.py -> /home/xprize_vr2/B2lly_Ws/install/py_pubsub/lib/python3.6/site-packages/py_pubsub
[0.468s] copying /home/xprize_vr2/B2lly_Ws/build/py_pubsub/build/lib/py_pubsub/subscriber_member_function.py -> /home/xprize_vr2/B2lly_Ws/install/py_pubsub/lib/python3.6/site-packages/py_pubsub
[0.468s] byte-compiling /home/xprize_vr2/B2lly_Ws/install/py_pubsub/lib/python3.6/site-packages/py_pubsub/publisher_member_function.py to publisher_member_function.cpython-36.pyc
[0.469s] byte-compiling /home/xprize_vr2/B2lly_Ws/install/py_pubsub/lib/python3.6/site-packages/py_pubsub/__init__.py to __init__.cpython-36.pyc
[0.469s] byte-compiling /home/xprize_vr2/B2lly_Ws/install/py_pubsub/lib/python3.6/site-packages/py_pubsub/subscriber_member_function.py to subscriber_member_function.cpython-36.pyc
[0.469s] running install_data
[0.470s] creating /home/xprize_vr2/B2lly_Ws/install/py_pubsub/share/ament_index
[0.470s] creating /home/xprize_vr2/B2lly_Ws/install/py_pubsub/share/ament_index/resource_index
[0.470s] creating /home/xprize_vr2/B2lly_Ws/install/py_pubsub/share/ament_index/resource_index/packages
[0.470s] copying resource/py_pubsub -> /home/xprize_vr2/B2lly_Ws/install/py_pubsub/share/ament_index/resource_index/packages
[0.470s] copying package.xml -> /home/xprize_vr2/B2lly_Ws/install/py_pubsub/share/py_pubsub
[0.470s] running install_egg_info
[0.472s] Copying /home/xprize_vr2/B2lly_Ws/build/py_pubsub/py_pubsub.egg-info to /home/xprize_vr2/B2lly_Ws/install/py_pubsub/lib/python3.6/site-packages/py_pubsub-0.0.0-py3.6.egg-info
[0.472s] running install_scripts
[0.485s] writing list of installed files to '/home/xprize_vr2/B2lly_Ws/build/py_pubsub/install.log'
[0.500s] Invoked command in '/home/xprize_vr2/B2lly_Ws/src/py_pubsub' returned '0': PYTHONPATH=/home/xprize_vr2/B2lly_Ws/install/py_pubsub/lib/python3.6/site-packages:${PYTHONPATH} /usr/bin/python3 setup.py egg_info --egg-base /home/xprize_vr2/B2lly_Ws/build/py_pubsub build --build-base /home/xprize_vr2/B2lly_Ws/build/py_pubsub/build install --prefix /home/xprize_vr2/B2lly_Ws/install/py_pubsub --record /home/xprize_vr2/B2lly_Ws/build/py_pubsub/install.log --single-version-externally-managed
