[0.168s] DEBUG:colcon:Command line arguments: ['/usr/bin/colcon', 'build']
[0.168s] DEBUG:colcon:Parsed command line arguments: Namespace(ament_cmake_args=None, base_paths=['.'], build_base='build', catkin_cmake_args=None, catkin_skip_building_tests=False, cmake_args=None, cmake_clean_cache=False, cmake_clean_first=False, cmake_force_configure=False, cmake_target=None, cmake_target_skip_unavailable=False, continue_on_error=False, event_handlers=None, executor='parallel', ignore_user_meta=False, install_base='install', log_base=None, log_level=None, main=<bound method BuildVerb.main of <colcon_core.verb.build.BuildVerb object at 0x7f4aa194b2b0>>, merge_install=False, metas=['./colcon.meta'], packages_above=None, packages_above_depth=None, packages_end=None, packages_ignore=None, packages_ignore_regex=None, packages_select=None, packages_select_build_failed=False, packages_select_by_dep=None, packages_select_regex=None, packages_select_test_failures=False, packages_skip=None, packages_skip_build_finished=False, packages_skip_by_dep=None, packages_skip_regex=None, packages_skip_test_passed=False, packages_skip_up_to=None, packages_start=None, packages_up_to=None, parallel_workers=6, paths=None, symlink_install=False, test_result_base=None, verb_extension=<colcon_core.verb.build.BuildVerb object at 0x7f4aa194b2b0>, verb_name='build', verb_parser=<colcon_defaults.argument_parser.defaults.DefaultArgumentsDecorator object at 0x7f4aa194b5f8>)
[0.210s] Level 1:colcon.colcon_core.package_discovery:discover_packages(colcon_meta) check parameters
[0.210s] Level 1:colcon.colcon_core.package_discovery:discover_packages(recursive) check parameters
[0.210s] Level 1:colcon.colcon_core.package_discovery:discover_packages(ignore) check parameters
[0.210s] Level 1:colcon.colcon_core.package_discovery:discover_packages(path) check parameters
[0.210s] Level 1:colcon.colcon_core.package_discovery:discover_packages(colcon_meta) discover
[0.211s] Level 1:colcon.colcon_core.package_discovery:discover_packages(recursive) discover
[0.211s] INFO:colcon.colcon_core.package_discovery:Crawling recursively for packages in '/home/xprize_vr2/B2lly_Ws'
[0.211s] Level 1:colcon.colcon_core.package_identification:_identify(.) by extensions ['ignore', 'ignore_ament_install']
[0.211s] Level 1:colcon.colcon_core.package_identification:_identify(.) by extension 'ignore'
[0.211s] Level 1:colcon.colcon_core.package_identification:_identify(.) by extension 'ignore_ament_install'
[0.211s] Level 1:colcon.colcon_core.package_identification:_identify(.) by extensions ['colcon_pkg']
[0.211s] Level 1:colcon.colcon_core.package_identification:_identify(.) by extension 'colcon_pkg'
[0.211s] Level 1:colcon.colcon_core.package_identification:_identify(.) by extensions ['colcon_meta']
[0.211s] Level 1:colcon.colcon_core.package_identification:_identify(.) by extension 'colcon_meta'
[0.211s] Level 1:colcon.colcon_core.package_identification:_identify(.) by extensions ['ros']
[0.211s] Level 1:colcon.colcon_core.package_identification:_identify(.) by extension 'ros'
[0.221s] Level 1:colcon.colcon_core.package_identification:_identify(.) by extensions ['cmake', 'python']
[0.221s] Level 1:colcon.colcon_core.package_identification:_identify(.) by extension 'cmake'
[0.221s] Level 1:colcon.colcon_core.package_identification:_identify(.) by extension 'python'
[0.221s] Level 1:colcon.colcon_core.package_identification:_identify(.) by extensions ['python_setup_py']
[0.221s] Level 1:colcon.colcon_core.package_identification:_identify(.) by extension 'python_setup_py'
[0.221s] Level 1:colcon.colcon_core.package_identification:_identify(build) by extensions ['ignore', 'ignore_ament_install']
[0.221s] Level 1:colcon.colcon_core.package_identification:_identify(build) by extension 'ignore'
[0.221s] Level 1:colcon.colcon_core.package_identification:_identify(build) ignored
[0.222s] Level 1:colcon.colcon_core.package_identification:_identify(install) by extensions ['ignore', 'ignore_ament_install']
[0.222s] Level 1:colcon.colcon_core.package_identification:_identify(install) by extension 'ignore'
[0.222s] Level 1:colcon.colcon_core.package_identification:_identify(install) ignored
[0.222s] Level 1:colcon.colcon_core.package_identification:_identify(log) by extensions ['ignore', 'ignore_ament_install']
[0.222s] Level 1:colcon.colcon_core.package_identification:_identify(log) by extension 'ignore'
[0.222s] Level 1:colcon.colcon_core.package_identification:_identify(log) ignored
[0.222s] Level 1:colcon.colcon_core.package_identification:_identify(src) by extensions ['ignore', 'ignore_ament_install']
[0.222s] Level 1:colcon.colcon_core.package_identification:_identify(src) by extension 'ignore'
[0.222s] Level 1:colcon.colcon_core.package_identification:_identify(src) by extension 'ignore_ament_install'
[0.222s] Level 1:colcon.colcon_core.package_identification:_identify(src) by extensions ['colcon_pkg']
[0.222s] Level 1:colcon.colcon_core.package_identification:_identify(src) by extension 'colcon_pkg'
[0.222s] Level 1:colcon.colcon_core.package_identification:_identify(src) by extensions ['colcon_meta']
[0.222s] Level 1:colcon.colcon_core.package_identification:_identify(src) by extension 'colcon_meta'
[0.222s] Level 1:colcon.colcon_core.package_identification:_identify(src) by extensions ['ros']
[0.222s] Level 1:colcon.colcon_core.package_identification:_identify(src) by extension 'ros'
[0.223s] Level 1:colcon.colcon_core.package_identification:_identify(src) by extensions ['cmake', 'python']
[0.223s] Level 1:colcon.colcon_core.package_identification:_identify(src) by extension 'cmake'
[0.223s] Level 1:colcon.colcon_core.package_identification:_identify(src) by extension 'python'
[0.223s] Level 1:colcon.colcon_core.package_identification:_identify(src) by extensions ['python_setup_py']
[0.223s] Level 1:colcon.colcon_core.package_identification:_identify(src) by extension 'python_setup_py'
[0.223s] Level 1:colcon.colcon_core.package_identification:_identify(src/my_package) by extensions ['ignore', 'ignore_ament_install']
[0.223s] Level 1:colcon.colcon_core.package_identification:_identify(src/my_package) by extension 'ignore'
[0.223s] Level 1:colcon.colcon_core.package_identification:_identify(src/my_package) by extension 'ignore_ament_install'
[0.223s] Level 1:colcon.colcon_core.package_identification:_identify(src/my_package) by extensions ['colcon_pkg']
[0.223s] Level 1:colcon.colcon_core.package_identification:_identify(src/my_package) by extension 'colcon_pkg'
[0.223s] Level 1:colcon.colcon_core.package_identification:_identify(src/my_package) by extensions ['colcon_meta']
[0.223s] Level 1:colcon.colcon_core.package_identification:_identify(src/my_package) by extension 'colcon_meta'
[0.223s] Level 1:colcon.colcon_core.package_identification:_identify(src/my_package) by extensions ['ros']
[0.223s] Level 1:colcon.colcon_core.package_identification:_identify(src/my_package) by extension 'ros'
[0.226s] DEBUG:colcon.colcon_core.package_identification:Package 'src/my_package' with type 'ros.ament_python' and name 'my_package'
[0.226s] Level 1:colcon.colcon_core.package_identification:_identify(src/py_pubsub) by extensions ['ignore', 'ignore_ament_install']
[0.226s] Level 1:colcon.colcon_core.package_identification:_identify(src/py_pubsub) by extension 'ignore'
[0.226s] Level 1:colcon.colcon_core.package_identification:_identify(src/py_pubsub) by extension 'ignore_ament_install'
[0.226s] Level 1:colcon.colcon_core.package_identification:_identify(src/py_pubsub) by extensions ['colcon_pkg']
[0.226s] Level 1:colcon.colcon_core.package_identification:_identify(src/py_pubsub) by extension 'colcon_pkg'
[0.226s] Level 1:colcon.colcon_core.package_identification:_identify(src/py_pubsub) by extensions ['colcon_meta']
[0.226s] Level 1:colcon.colcon_core.package_identification:_identify(src/py_pubsub) by extension 'colcon_meta'
[0.226s] Level 1:colcon.colcon_core.package_identification:_identify(src/py_pubsub) by extensions ['ros']
[0.226s] Level 1:colcon.colcon_core.package_identification:_identify(src/py_pubsub) by extension 'ros'
[0.227s] DEBUG:colcon.colcon_core.package_identification:Package 'src/py_pubsub' with type 'ros.ament_python' and name 'py_pubsub'
[0.227s] Level 1:colcon.colcon_core.package_identification:_identify(src/ros_tutorials) by extensions ['ignore', 'ignore_ament_install']
[0.227s] Level 1:colcon.colcon_core.package_identification:_identify(src/ros_tutorials) by extension 'ignore'
[0.227s] Level 1:colcon.colcon_core.package_identification:_identify(src/ros_tutorials) by extension 'ignore_ament_install'
[0.227s] Level 1:colcon.colcon_core.package_identification:_identify(src/ros_tutorials) by extensions ['colcon_pkg']
[0.227s] Level 1:colcon.colcon_core.package_identification:_identify(src/ros_tutorials) by extension 'colcon_pkg'
[0.227s] Level 1:colcon.colcon_core.package_identification:_identify(src/ros_tutorials) by extensions ['colcon_meta']
[0.227s] Level 1:colcon.colcon_core.package_identification:_identify(src/ros_tutorials) by extension 'colcon_meta'
[0.227s] Level 1:colcon.colcon_core.package_identification:_identify(src/ros_tutorials) by extensions ['ros']
[0.227s] Level 1:colcon.colcon_core.package_identification:_identify(src/ros_tutorials) by extension 'ros'
[0.228s] Level 1:colcon.colcon_core.package_identification:_identify(src/ros_tutorials) by extensions ['cmake', 'python']
[0.228s] Level 1:colcon.colcon_core.package_identification:_identify(src/ros_tutorials) by extension 'cmake'
[0.228s] Level 1:colcon.colcon_core.package_identification:_identify(src/ros_tutorials) by extension 'python'
[0.228s] Level 1:colcon.colcon_core.package_identification:_identify(src/ros_tutorials) by extensions ['python_setup_py']
[0.228s] Level 1:colcon.colcon_core.package_identification:_identify(src/ros_tutorials) by extension 'python_setup_py'
[0.228s] Level 1:colcon.colcon_core.package_identification:_identify(src/ros_tutorials/ros_tutorials) by extensions ['ignore', 'ignore_ament_install']
[0.228s] Level 1:colcon.colcon_core.package_identification:_identify(src/ros_tutorials/ros_tutorials) by extension 'ignore'
[0.228s] Level 1:colcon.colcon_core.package_identification:_identify(src/ros_tutorials/ros_tutorials) ignored
[0.228s] Level 1:colcon.colcon_core.package_identification:_identify(src/ros_tutorials/roscpp_tutorials) by extensions ['ignore', 'ignore_ament_install']
[0.228s] Level 1:colcon.colcon_core.package_identification:_identify(src/ros_tutorials/roscpp_tutorials) by extension 'ignore'
[0.228s] Level 1:colcon.colcon_core.package_identification:_identify(src/ros_tutorials/roscpp_tutorials) ignored
[0.228s] Level 1:colcon.colcon_core.package_identification:_identify(src/ros_tutorials/rospy_tutorials) by extensions ['ignore', 'ignore_ament_install']
[0.228s] Level 1:colcon.colcon_core.package_identification:_identify(src/ros_tutorials/rospy_tutorials) by extension 'ignore'
[0.228s] Level 1:colcon.colcon_core.package_identification:_identify(src/ros_tutorials/rospy_tutorials) ignored
[0.228s] Level 1:colcon.colcon_core.package_identification:_identify(src/ros_tutorials/turtlesim) by extensions ['ignore', 'ignore_ament_install']
[0.229s] Level 1:colcon.colcon_core.package_identification:_identify(src/ros_tutorials/turtlesim) by extension 'ignore'
[0.229s] Level 1:colcon.colcon_core.package_identification:_identify(src/ros_tutorials/turtlesim) by extension 'ignore_ament_install'
[0.229s] Level 1:colcon.colcon_core.package_identification:_identify(src/ros_tutorials/turtlesim) by extensions ['colcon_pkg']
[0.229s] Level 1:colcon.colcon_core.package_identification:_identify(src/ros_tutorials/turtlesim) by extension 'colcon_pkg'
[0.229s] Level 1:colcon.colcon_core.package_identification:_identify(src/ros_tutorials/turtlesim) by extensions ['colcon_meta']
[0.229s] Level 1:colcon.colcon_core.package_identification:_identify(src/ros_tutorials/turtlesim) by extension 'colcon_meta'
[0.229s] Level 1:colcon.colcon_core.package_identification:_identify(src/ros_tutorials/turtlesim) by extensions ['ros']
[0.229s] Level 1:colcon.colcon_core.package_identification:_identify(src/ros_tutorials/turtlesim) by extension 'ros'
[0.230s] DEBUG:colcon.colcon_core.package_identification:Package 'src/ros_tutorials/turtlesim' with type 'ros.ament_cmake' and name 'turtlesim'
[0.230s] Level 1:colcon.colcon_core.package_discovery:discover_packages(recursive) using defaults
[0.230s] Level 1:colcon.colcon_core.package_discovery:discover_packages(ignore) discover
[0.230s] Level 1:colcon.colcon_core.package_discovery:discover_packages(ignore) using defaults
[0.230s] Level 1:colcon.colcon_core.package_discovery:discover_packages(path) discover
[0.230s] Level 1:colcon.colcon_core.package_discovery:discover_packages(path) using defaults
[0.235s] Level 5:colcon.colcon_core.verb:set package 'my_package' build argument 'cmake_args' from command line to 'None'
[0.235s] Level 5:colcon.colcon_core.verb:set package 'my_package' build argument 'cmake_target' from command line to 'None'
[0.235s] Level 5:colcon.colcon_core.verb:set package 'my_package' build argument 'cmake_target_skip_unavailable' from command line to 'False'
[0.235s] Level 5:colcon.colcon_core.verb:set package 'my_package' build argument 'cmake_clean_cache' from command line to 'False'
[0.235s] Level 5:colcon.colcon_core.verb:set package 'my_package' build argument 'cmake_clean_first' from command line to 'False'
[0.235s] Level 5:colcon.colcon_core.verb:set package 'my_package' build argument 'cmake_force_configure' from command line to 'False'
[0.235s] Level 5:colcon.colcon_core.verb:set package 'my_package' build argument 'ament_cmake_args' from command line to 'None'
[0.235s] Level 5:colcon.colcon_core.verb:set package 'my_package' build argument 'catkin_cmake_args' from command line to 'None'
[0.235s] Level 5:colcon.colcon_core.verb:set package 'my_package' build argument 'catkin_skip_building_tests' from command line to 'False'
[0.236s] DEBUG:colcon.colcon_core.verb:Building package 'my_package' with the following arguments: {'ament_cmake_args': None, 'build_base': '/home/xprize_vr2/B2lly_Ws/build/my_package', 'catkin_cmake_args': None, 'catkin_skip_building_tests': False, 'cmake_args': None, 'cmake_clean_cache': False, 'cmake_clean_first': False, 'cmake_force_configure': False, 'cmake_target': None, 'cmake_target_skip_unavailable': False, 'install_base': '/home/xprize_vr2/B2lly_Ws/install/my_package', 'merge_install': False, 'path': '/home/xprize_vr2/B2lly_Ws/src/my_package', 'symlink_install': False, 'test_result_base': None}
[0.238s] Level 5:colcon.colcon_core.verb:set package 'py_pubsub' build argument 'cmake_args' from command line to 'None'
[0.238s] Level 5:colcon.colcon_core.verb:set package 'py_pubsub' build argument 'cmake_target' from command line to 'None'
[0.238s] Level 5:colcon.colcon_core.verb:set package 'py_pubsub' build argument 'cmake_target_skip_unavailable' from command line to 'False'
[0.238s] Level 5:colcon.colcon_core.verb:set package 'py_pubsub' build argument 'cmake_clean_cache' from command line to 'False'
[0.238s] Level 5:colcon.colcon_core.verb:set package 'py_pubsub' build argument 'cmake_clean_first' from command line to 'False'
[0.238s] Level 5:colcon.colcon_core.verb:set package 'py_pubsub' build argument 'cmake_force_configure' from command line to 'False'
[0.238s] Level 5:colcon.colcon_core.verb:set package 'py_pubsub' build argument 'ament_cmake_args' from command line to 'None'
[0.238s] Level 5:colcon.colcon_core.verb:set package 'py_pubsub' build argument 'catkin_cmake_args' from command line to 'None'
[0.238s] Level 5:colcon.colcon_core.verb:set package 'py_pubsub' build argument 'catkin_skip_building_tests' from command line to 'False'
[0.238s] DEBUG:colcon.colcon_core.verb:Building package 'py_pubsub' with the following arguments: {'ament_cmake_args': None, 'build_base': '/home/xprize_vr2/B2lly_Ws/build/py_pubsub', 'catkin_cmake_args': None, 'catkin_skip_building_tests': False, 'cmake_args': None, 'cmake_clean_cache': False, 'cmake_clean_first': False, 'cmake_force_configure': False, 'cmake_target': None, 'cmake_target_skip_unavailable': False, 'install_base': '/home/xprize_vr2/B2lly_Ws/install/py_pubsub', 'merge_install': False, 'path': '/home/xprize_vr2/B2lly_Ws/src/py_pubsub', 'symlink_install': False, 'test_result_base': None}
[0.240s] Level 5:colcon.colcon_core.verb:set package 'turtlesim' build argument 'cmake_args' from command line to 'None'
[0.240s] Level 5:colcon.colcon_core.verb:set package 'turtlesim' build argument 'cmake_target' from command line to 'None'
[0.240s] Level 5:colcon.colcon_core.verb:set package 'turtlesim' build argument 'cmake_target_skip_unavailable' from command line to 'False'
[0.240s] Level 5:colcon.colcon_core.verb:set package 'turtlesim' build argument 'cmake_clean_cache' from command line to 'False'
[0.240s] Level 5:colcon.colcon_core.verb:set package 'turtlesim' build argument 'cmake_clean_first' from command line to 'False'
[0.240s] Level 5:colcon.colcon_core.verb:set package 'turtlesim' build argument 'cmake_force_configure' from command line to 'False'
[0.240s] Level 5:colcon.colcon_core.verb:set package 'turtlesim' build argument 'ament_cmake_args' from command line to 'None'
[0.240s] Level 5:colcon.colcon_core.verb:set package 'turtlesim' build argument 'catkin_cmake_args' from command line to 'None'
[0.240s] Level 5:colcon.colcon_core.verb:set package 'turtlesim' build argument 'catkin_skip_building_tests' from command line to 'False'
[0.240s] DEBUG:colcon.colcon_core.verb:Building package 'turtlesim' with the following arguments: {'ament_cmake_args': None, 'build_base': '/home/xprize_vr2/B2lly_Ws/build/turtlesim', 'catkin_cmake_args': None, 'catkin_skip_building_tests': False, 'cmake_args': None, 'cmake_clean_cache': False, 'cmake_clean_first': False, 'cmake_force_configure': False, 'cmake_target': None, 'cmake_target_skip_unavailable': False, 'install_base': '/home/xprize_vr2/B2lly_Ws/install/turtlesim', 'merge_install': False, 'path': '/home/xprize_vr2/B2lly_Ws/src/ros_tutorials/turtlesim', 'symlink_install': False, 'test_result_base': None}
[0.241s] INFO:colcon.colcon_core.executor:Executing jobs using 'parallel' executor
[0.242s] DEBUG:colcon.colcon_parallel_executor.executor.parallel:run_until_complete
[0.242s] INFO:colcon.colcon_ros.task.ament_python.build:Building ROS package in '/home/xprize_vr2/B2lly_Ws/src/my_package' with build type 'ament_python'
[0.242s] Level 1:colcon.colcon_core.shell:create_environment_hook('my_package', 'ament_prefix_path')
[0.248s] INFO:colcon.colcon_core.plugin_system:Skipping extension 'colcon_core.shell.bat': Not used on non-Windows systems
[0.248s] INFO:colcon.colcon_core.shell:Creating environment hook '/home/xprize_vr2/B2lly_Ws/install/my_package/share/my_package/hook/ament_prefix_path.ps1'
[0.249s] INFO:colcon.colcon_core.shell:Creating environment descriptor '/home/xprize_vr2/B2lly_Ws/install/my_package/share/my_package/hook/ament_prefix_path.dsv'
[0.250s] INFO:colcon.colcon_core.shell:Creating environment hook '/home/xprize_vr2/B2lly_Ws/install/my_package/share/my_package/hook/ament_prefix_path.sh'
[0.251s] INFO:colcon.colcon_core.shell:Skip shell extension 'powershell' for command environment: Not usable outside of PowerShell
[0.251s] DEBUG:colcon.colcon_core.shell:Skip shell extension 'dsv' for command environment
[0.254s] DEBUG:colcon.colcon_core.shell:Ignoring prefix path '/opt/ros/dashing'
[0.254s] DEBUG:colcon.colcon_core.shell:Ignoring prefix path '/home/xprize_vr2/Bally_Ws/devel'
[0.254s] DEBUG:colcon.colcon_core.shell:Ignoring prefix path '/opt/ros/melodic'
[0.258s] INFO:colcon.colcon_ros.task.ament_python.build:Building ROS package in '/home/xprize_vr2/B2lly_Ws/src/py_pubsub' with build type 'ament_python'
[0.258s] Level 1:colcon.colcon_core.shell:create_environment_hook('py_pubsub', 'ament_prefix_path')
[0.259s] INFO:colcon.colcon_core.shell:Creating environment hook '/home/xprize_vr2/B2lly_Ws/install/py_pubsub/share/py_pubsub/hook/ament_prefix_path.ps1'
[0.259s] INFO:colcon.colcon_core.shell:Creating environment descriptor '/home/xprize_vr2/B2lly_Ws/install/py_pubsub/share/py_pubsub/hook/ament_prefix_path.dsv'
[0.260s] INFO:colcon.colcon_core.shell:Creating environment hook '/home/xprize_vr2/B2lly_Ws/install/py_pubsub/share/py_pubsub/hook/ament_prefix_path.sh'
[0.260s] INFO:colcon.colcon_core.shell:Skip shell extension 'powershell' for command environment: Not usable outside of PowerShell
[0.260s] DEBUG:colcon.colcon_core.shell:Skip shell extension 'dsv' for command environment
[0.262s] DEBUG:colcon.colcon_core.shell:Ignoring prefix path '/opt/ros/dashing'
[0.262s] DEBUG:colcon.colcon_core.shell:Ignoring prefix path '/home/xprize_vr2/Bally_Ws/devel'
[0.262s] DEBUG:colcon.colcon_core.shell:Ignoring prefix path '/opt/ros/melodic'
[0.264s] INFO:colcon.colcon_ros.task.ament_cmake.build:Building ROS package in '/home/xprize_vr2/B2lly_Ws/src/ros_tutorials/turtlesim' with build type 'ament_cmake'
[0.265s] INFO:colcon.colcon_cmake.task.cmake.build:Building CMake package in '/home/xprize_vr2/B2lly_Ws/src/ros_tutorials/turtlesim'
[0.265s] INFO:colcon.colcon_core.shell:Skip shell extension 'powershell' for command environment: Not usable outside of PowerShell
[0.265s] DEBUG:colcon.colcon_core.shell:Skip shell extension 'dsv' for command environment
[0.267s] DEBUG:colcon.colcon_core.shell:Ignoring prefix path '/opt/ros/dashing'
[0.267s] DEBUG:colcon.colcon_core.shell:Ignoring prefix path '/home/xprize_vr2/Bally_Ws/devel'
[0.268s] DEBUG:colcon.colcon_core.shell:Ignoring prefix path '/opt/ros/melodic'
[0.510s] INFO:colcon.colcon_core.task.python.build:Building Python package in '/home/xprize_vr2/B2lly_Ws/src/my_package'
[0.510s] INFO:colcon.colcon_core.shell:Skip shell extension 'powershell' for command environment: Not usable outside of PowerShell
[0.510s] DEBUG:colcon.colcon_core.shell:Skip shell extension 'dsv' for command environment
[0.512s] DEBUG:colcon.colcon_core.shell:Ignoring prefix path '/opt/ros/dashing'
[0.512s] DEBUG:colcon.colcon_core.shell:Ignoring prefix path '/home/xprize_vr2/Bally_Ws/devel'
[0.512s] DEBUG:colcon.colcon_core.shell:Ignoring prefix path '/opt/ros/melodic'
[0.738s] INFO:colcon.colcon_core.task.python.build:Building Python package in '/home/xprize_vr2/B2lly_Ws/src/py_pubsub'
[0.738s] INFO:colcon.colcon_core.shell:Skip shell extension 'powershell' for command environment: Not usable outside of PowerShell
[0.739s] DEBUG:colcon.colcon_core.shell:Skip shell extension 'dsv' for command environment
[0.740s] DEBUG:colcon.colcon_core.shell:Ignoring prefix path '/opt/ros/dashing'
[0.740s] DEBUG:colcon.colcon_core.shell:Ignoring prefix path '/home/xprize_vr2/Bally_Ws/devel'
[0.740s] DEBUG:colcon.colcon_core.shell:Ignoring prefix path '/opt/ros/melodic'
[0.746s] DEBUG:colcon.colcon_core.event_handler.log_command:Invoking command in '/home/xprize_vr2/B2lly_Ws/build/turtlesim': CMAKE_PREFIX_PATH=/home/xprize_vr2/B2lly_Ws/install/turtlesim:/home/xprize_vr2/B2lly_Ws/install/py_pubsub:/home/xprize_vr2/B2lly_Ws/install/my_package:/opt/ros/dashing:/home/xprize_vr2/Bally_Ws/devel:/opt/ros/melodic /usr/bin/cmake --build /home/xprize_vr2/B2lly_Ws/build/turtlesim -- -j6 -l6
[0.755s] DEBUG:colcon.colcon_core.event_handler.log_command:Invoking command in '/home/xprize_vr2/B2lly_Ws/src/my_package': PYTHONPATH=/home/xprize_vr2/B2lly_Ws/install/my_package/lib/python3.6/site-packages:${PYTHONPATH} /usr/bin/python3 setup.py egg_info --egg-base /home/xprize_vr2/B2lly_Ws/build/my_package build --build-base /home/xprize_vr2/B2lly_Ws/build/my_package/build install --prefix /home/xprize_vr2/B2lly_Ws/install/my_package --record /home/xprize_vr2/B2lly_Ws/build/my_package/install.log --single-version-externally-managed
[0.756s] DEBUG:colcon.colcon_core.event_handler.log_command:Invoking command in '/home/xprize_vr2/B2lly_Ws/src/py_pubsub': PYTHONPATH=/home/xprize_vr2/B2lly_Ws/install/py_pubsub/lib/python3.6/site-packages:${PYTHONPATH} /usr/bin/python3 setup.py egg_info --egg-base /home/xprize_vr2/B2lly_Ws/build/py_pubsub build --build-base /home/xprize_vr2/B2lly_Ws/build/py_pubsub/build install --prefix /home/xprize_vr2/B2lly_Ws/install/py_pubsub --record /home/xprize_vr2/B2lly_Ws/build/py_pubsub/install.log --single-version-externally-managed
[1.063s] DEBUG:colcon.colcon_core.event_handler.log_command:Invoked command in '/home/xprize_vr2/B2lly_Ws/src/my_package' returned '0': PYTHONPATH=/home/xprize_vr2/B2lly_Ws/install/my_package/lib/python3.6/site-packages:${PYTHONPATH} /usr/bin/python3 setup.py egg_info --egg-base /home/xprize_vr2/B2lly_Ws/build/my_package build --build-base /home/xprize_vr2/B2lly_Ws/build/my_package/build install --prefix /home/xprize_vr2/B2lly_Ws/install/my_package --record /home/xprize_vr2/B2lly_Ws/build/my_package/install.log --single-version-externally-managed
[1.069s] Level 1:colcon.colcon_core.environment:checking '/home/xprize_vr2/B2lly_Ws/install/my_package' for CMake module files
[1.070s] Level 1:colcon.colcon_core.environment:checking '/home/xprize_vr2/B2lly_Ws/install/my_package' for CMake config files
[1.071s] Level 1:colcon.colcon_core.environment:checking '/home/xprize_vr2/B2lly_Ws/install/my_package/lib'
[1.071s] Level 1:colcon.colcon_core.environment:checking '/home/xprize_vr2/B2lly_Ws/install/my_package/bin'
[1.071s] Level 1:colcon.colcon_core.environment:checking '/home/xprize_vr2/B2lly_Ws/install/my_package/lib/pkgconfig/my_package.pc'
[1.071s] Level 1:colcon.colcon_core.environment:checking '/home/xprize_vr2/B2lly_Ws/install/my_package/lib/python3.6/site-packages'
[1.071s] Level 1:colcon.colcon_core.shell:create_environment_hook('my_package', 'pythonpath')
[1.072s] INFO:colcon.colcon_core.shell:Creating environment hook '/home/xprize_vr2/B2lly_Ws/install/my_package/share/my_package/hook/pythonpath.ps1'
[1.072s] INFO:colcon.colcon_core.shell:Creating environment descriptor '/home/xprize_vr2/B2lly_Ws/install/my_package/share/my_package/hook/pythonpath.dsv'
[1.073s] INFO:colcon.colcon_core.shell:Creating environment hook '/home/xprize_vr2/B2lly_Ws/install/my_package/share/my_package/hook/pythonpath.sh'
[1.073s] Level 1:colcon.colcon_core.environment:create_environment_scripts_only(my_package)
[1.074s] INFO:colcon.colcon_core.shell:Creating package script '/home/xprize_vr2/B2lly_Ws/install/my_package/share/my_package/package.ps1'
[1.075s] INFO:colcon.colcon_core.shell:Creating package descriptor '/home/xprize_vr2/B2lly_Ws/install/my_package/share/my_package/package.dsv'
[1.076s] INFO:colcon.colcon_core.shell:Creating package script '/home/xprize_vr2/B2lly_Ws/install/my_package/share/my_package/package.sh'
[1.076s] INFO:colcon.colcon_core.shell:Creating package script '/home/xprize_vr2/B2lly_Ws/install/my_package/share/my_package/package.bash'
[1.077s] INFO:colcon.colcon_core.shell:Creating package script '/home/xprize_vr2/B2lly_Ws/install/my_package/share/my_package/package.zsh'
[1.078s] Level 1:colcon.colcon_core.environment:create_file_with_runtime_dependencies(/home/xprize_vr2/B2lly_Ws/install/my_package/share/colcon-core/packages/my_package)
[1.079s] Level 1:colcon.colcon_core.environment:checking '/home/xprize_vr2/B2lly_Ws/install/py_pubsub' for CMake module files
[1.080s] DEBUG:colcon.colcon_core.event_handler.log_command:Invoked command in '/home/xprize_vr2/B2lly_Ws/src/py_pubsub' returned '0': PYTHONPATH=/home/xprize_vr2/B2lly_Ws/install/py_pubsub/lib/python3.6/site-packages:${PYTHONPATH} /usr/bin/python3 setup.py egg_info --egg-base /home/xprize_vr2/B2lly_Ws/build/py_pubsub build --build-base /home/xprize_vr2/B2lly_Ws/build/py_pubsub/build install --prefix /home/xprize_vr2/B2lly_Ws/install/py_pubsub --record /home/xprize_vr2/B2lly_Ws/build/py_pubsub/install.log --single-version-externally-managed
[1.081s] Level 1:colcon.colcon_core.environment:checking '/home/xprize_vr2/B2lly_Ws/install/py_pubsub' for CMake config files
[1.081s] Level 1:colcon.colcon_core.environment:checking '/home/xprize_vr2/B2lly_Ws/install/py_pubsub/lib'
[1.081s] Level 1:colcon.colcon_core.environment:checking '/home/xprize_vr2/B2lly_Ws/install/py_pubsub/bin'
[1.081s] Level 1:colcon.colcon_core.environment:checking '/home/xprize_vr2/B2lly_Ws/install/py_pubsub/lib/pkgconfig/py_pubsub.pc'
[1.082s] Level 1:colcon.colcon_core.environment:checking '/home/xprize_vr2/B2lly_Ws/install/py_pubsub/lib/python3.6/site-packages'
[1.082s] Level 1:colcon.colcon_core.shell:create_environment_hook('py_pubsub', 'pythonpath')
[1.082s] INFO:colcon.colcon_core.shell:Creating environment hook '/home/xprize_vr2/B2lly_Ws/install/py_pubsub/share/py_pubsub/hook/pythonpath.ps1'
[1.082s] INFO:colcon.colcon_core.shell:Creating environment descriptor '/home/xprize_vr2/B2lly_Ws/install/py_pubsub/share/py_pubsub/hook/pythonpath.dsv'
[1.083s] INFO:colcon.colcon_core.shell:Creating environment hook '/home/xprize_vr2/B2lly_Ws/install/py_pubsub/share/py_pubsub/hook/pythonpath.sh'
[1.083s] Level 1:colcon.colcon_core.environment:create_environment_scripts_only(py_pubsub)
[1.084s] INFO:colcon.colcon_core.shell:Creating package script '/home/xprize_vr2/B2lly_Ws/install/py_pubsub/share/py_pubsub/package.ps1'
[1.084s] INFO:colcon.colcon_core.shell:Creating package descriptor '/home/xprize_vr2/B2lly_Ws/install/py_pubsub/share/py_pubsub/package.dsv'
[1.084s] INFO:colcon.colcon_core.shell:Creating package script '/home/xprize_vr2/B2lly_Ws/install/py_pubsub/share/py_pubsub/package.sh'
[1.085s] INFO:colcon.colcon_core.shell:Creating package script '/home/xprize_vr2/B2lly_Ws/install/py_pubsub/share/py_pubsub/package.bash'
[1.085s] INFO:colcon.colcon_core.shell:Creating package script '/home/xprize_vr2/B2lly_Ws/install/py_pubsub/share/py_pubsub/package.zsh'
[1.085s] Level 1:colcon.colcon_core.environment:create_file_with_runtime_dependencies(/home/xprize_vr2/B2lly_Ws/install/py_pubsub/share/colcon-core/packages/py_pubsub)
[1.168s] DEBUG:colcon.colcon_core.event_handler.log_command:Invoked command in '/home/xprize_vr2/B2lly_Ws/build/turtlesim' returned '0': CMAKE_PREFIX_PATH=/home/xprize_vr2/B2lly_Ws/install/turtlesim:/home/xprize_vr2/B2lly_Ws/install/py_pubsub:/home/xprize_vr2/B2lly_Ws/install/my_package:/opt/ros/dashing:/home/xprize_vr2/Bally_Ws/devel:/opt/ros/melodic /usr/bin/cmake --build /home/xprize_vr2/B2lly_Ws/build/turtlesim -- -j6 -l6
[1.402s] DEBUG:colcon.colcon_core.event_handler.log_command:Invoking command in '/home/xprize_vr2/B2lly_Ws/build/turtlesim': CMAKE_PREFIX_PATH=/home/xprize_vr2/B2lly_Ws/install/turtlesim:/home/xprize_vr2/B2lly_Ws/install/py_pubsub:/home/xprize_vr2/B2lly_Ws/install/my_package:/opt/ros/dashing:/home/xprize_vr2/Bally_Ws/devel:/opt/ros/melodic /usr/bin/cmake --build /home/xprize_vr2/B2lly_Ws/build/turtlesim --target install -- -j6 -l6
[1.841s] Level 1:colcon.colcon_core.environment:create_environment_scripts_only(turtlesim)
[1.842s] Level 1:colcon.colcon_core.environment:checking '/home/xprize_vr2/B2lly_Ws/install/turtlesim' for CMake module files
[1.843s] DEBUG:colcon.colcon_core.event_handler.log_command:Invoked command in '/home/xprize_vr2/B2lly_Ws/build/turtlesim' returned '0': CMAKE_PREFIX_PATH=/home/xprize_vr2/B2lly_Ws/install/turtlesim:/home/xprize_vr2/B2lly_Ws/install/py_pubsub:/home/xprize_vr2/B2lly_Ws/install/my_package:/opt/ros/dashing:/home/xprize_vr2/Bally_Ws/devel:/opt/ros/melodic /usr/bin/cmake --build /home/xprize_vr2/B2lly_Ws/build/turtlesim --target install -- -j6 -l6
[1.843s] Level 1:colcon.colcon_core.environment:checking '/home/xprize_vr2/B2lly_Ws/install/turtlesim' for CMake config files
[1.844s] Level 1:colcon.colcon_core.shell:create_environment_hook('turtlesim', 'cmake_prefix_path')
[1.844s] INFO:colcon.colcon_core.shell:Creating environment hook '/home/xprize_vr2/B2lly_Ws/install/turtlesim/share/turtlesim/hook/cmake_prefix_path.ps1'
[1.845s] INFO:colcon.colcon_core.shell:Creating environment descriptor '/home/xprize_vr2/B2lly_Ws/install/turtlesim/share/turtlesim/hook/cmake_prefix_path.dsv'
[1.845s] INFO:colcon.colcon_core.shell:Creating environment hook '/home/xprize_vr2/B2lly_Ws/install/turtlesim/share/turtlesim/hook/cmake_prefix_path.sh'
[1.846s] Level 1:colcon.colcon_core.environment:checking '/home/xprize_vr2/B2lly_Ws/install/turtlesim/lib'
[1.846s] Level 1:colcon.colcon_core.shell:create_environment_hook('turtlesim', 'ld_library_path_lib')
[1.846s] INFO:colcon.colcon_core.shell:Creating environment hook '/home/xprize_vr2/B2lly_Ws/install/turtlesim/share/turtlesim/hook/ld_library_path_lib.ps1'
[1.846s] INFO:colcon.colcon_core.shell:Creating environment descriptor '/home/xprize_vr2/B2lly_Ws/install/turtlesim/share/turtlesim/hook/ld_library_path_lib.dsv'
[1.847s] INFO:colcon.colcon_core.shell:Creating environment hook '/home/xprize_vr2/B2lly_Ws/install/turtlesim/share/turtlesim/hook/ld_library_path_lib.sh'
[1.847s] Level 1:colcon.colcon_core.environment:checking '/home/xprize_vr2/B2lly_Ws/install/turtlesim/bin'
[1.847s] Level 1:colcon.colcon_core.environment:checking '/home/xprize_vr2/B2lly_Ws/install/turtlesim/lib/pkgconfig/turtlesim.pc'
[1.847s] Level 1:colcon.colcon_core.environment:checking '/home/xprize_vr2/B2lly_Ws/install/turtlesim/lib/python3.6/site-packages'
[1.847s] Level 1:colcon.colcon_core.shell:create_environment_hook('turtlesim', 'pythonpath')
[1.848s] INFO:colcon.colcon_core.shell:Creating environment hook '/home/xprize_vr2/B2lly_Ws/install/turtlesim/share/turtlesim/hook/pythonpath.ps1'
[1.848s] INFO:colcon.colcon_core.shell:Creating environment descriptor '/home/xprize_vr2/B2lly_Ws/install/turtlesim/share/turtlesim/hook/pythonpath.dsv'
[1.848s] INFO:colcon.colcon_core.shell:Creating environment hook '/home/xprize_vr2/B2lly_Ws/install/turtlesim/share/turtlesim/hook/pythonpath.sh'
[1.849s] INFO:colcon.colcon_core.shell:Creating package script '/home/xprize_vr2/B2lly_Ws/install/turtlesim/share/turtlesim/package.ps1'
[1.849s] INFO:colcon.colcon_core.shell:Creating package descriptor '/home/xprize_vr2/B2lly_Ws/install/turtlesim/share/turtlesim/package.dsv'
[1.850s] INFO:colcon.colcon_core.shell:Creating package script '/home/xprize_vr2/B2lly_Ws/install/turtlesim/share/turtlesim/package.sh'
[1.850s] INFO:colcon.colcon_core.shell:Creating package script '/home/xprize_vr2/B2lly_Ws/install/turtlesim/share/turtlesim/package.bash'
[1.851s] INFO:colcon.colcon_core.shell:Creating package script '/home/xprize_vr2/B2lly_Ws/install/turtlesim/share/turtlesim/package.zsh'
[1.851s] Level 1:colcon.colcon_core.environment:create_file_with_runtime_dependencies(/home/xprize_vr2/B2lly_Ws/install/turtlesim/share/colcon-core/packages/turtlesim)
[1.851s] DEBUG:colcon.colcon_parallel_executor.executor.parallel:closing loop
[1.851s] DEBUG:colcon.colcon_parallel_executor.executor.parallel:loop closed
[1.851s] DEBUG:colcon.colcon_parallel_executor.executor.parallel:run_until_complete finished with '0'
[1.852s] DEBUG:colcon.colcon_core.event_reactor:joining thread
[1.858s] INFO:colcon.colcon_core.plugin_system:Skipping extension 'colcon_notification.desktop_notification.terminal_notifier': Not used on non-Darwin systems
[1.858s] INFO:colcon.colcon_core.plugin_system:Skipping extension 'colcon_notification.desktop_notification.win32': Not used on non-Windows systems
[1.858s] INFO:colcon.colcon_notification.desktop_notification:Sending desktop notification using 'notify2'
[1.860s] DEBUG:colcon.colcon_core.event_reactor:joined thread
[1.861s] INFO:colcon.colcon_core.shell:Creating prefix script '/home/xprize_vr2/B2lly_Ws/install/local_setup.ps1'
[1.862s] INFO:colcon.colcon_core.shell:Creating prefix util module '/home/xprize_vr2/B2lly_Ws/install/_local_setup_util_ps1.py'
[1.864s] INFO:colcon.colcon_core.shell:Creating prefix chain script '/home/xprize_vr2/B2lly_Ws/install/setup.ps1'
[1.866s] INFO:colcon.colcon_core.shell:Creating prefix script '/home/xprize_vr2/B2lly_Ws/install/local_setup.sh'
[1.867s] INFO:colcon.colcon_core.shell:Creating prefix util module '/home/xprize_vr2/B2lly_Ws/install/_local_setup_util_sh.py'
[1.867s] INFO:colcon.colcon_core.shell:Creating prefix chain script '/home/xprize_vr2/B2lly_Ws/install/setup.sh'
[1.869s] INFO:colcon.colcon_core.shell:Creating prefix script '/home/xprize_vr2/B2lly_Ws/install/local_setup.bash'
[1.870s] INFO:colcon.colcon_core.shell:Creating prefix chain script '/home/xprize_vr2/B2lly_Ws/install/setup.bash'
[1.872s] INFO:colcon.colcon_core.shell:Creating prefix script '/home/xprize_vr2/B2lly_Ws/install/local_setup.zsh'
[1.873s] INFO:colcon.colcon_core.shell:Creating prefix chain script '/home/xprize_vr2/B2lly_Ws/install/setup.zsh'
