[0.718s] running egg_info
[0.719s] writing /home/xprize_vr2/B2lly_Ws/build/py_pubsub/py_pubsub.egg-info/PKG-INFO
[0.719s] writing dependency_links to /home/xprize_vr2/B2lly_Ws/build/py_pubsub/py_pubsub.egg-info/dependency_links.txt
[0.719s] writing entry points to /home/xprize_vr2/B2lly_Ws/build/py_pubsub/py_pubsub.egg-info/entry_points.txt
[0.719s] writing requirements to /home/xprize_vr2/B2lly_Ws/build/py_pubsub/py_pubsub.egg-info/requires.txt
[0.719s] writing top-level names to /home/xprize_vr2/B2lly_Ws/build/py_pubsub/py_pubsub.egg-info/top_level.txt
[0.745s] reading manifest file '/home/xprize_vr2/B2lly_Ws/build/py_pubsub/py_pubsub.egg-info/SOURCES.txt'
[0.746s] writing manifest file '/home/xprize_vr2/B2lly_Ws/build/py_pubsub/py_pubsub.egg-info/SOURCES.txt'
[0.746s] running build
[0.746s] running build_py
[0.746s] running install
[0.747s] running install_lib
[0.748s] running install_data
[0.748s] running install_egg_info
[0.750s] removing '/home/xprize_vr2/B2lly_Ws/install/py_pubsub/lib/python3.6/site-packages/py_pubsub-0.0.0-py3.6.egg-info' (and everything under it)
[0.750s] Copying /home/xprize_vr2/B2lly_Ws/build/py_pubsub/py_pubsub.egg-info to /home/xprize_vr2/B2lly_Ws/install/py_pubsub/lib/python3.6/site-packages/py_pubsub-0.0.0-py3.6.egg-info
[0.751s] running install_scripts
[0.767s] Installing listener script to /home/xprize_vr2/B2lly_Ws/install/py_pubsub/lib/py_pubsub
[0.767s] Installing listener2 script to /home/xprize_vr2/B2lly_Ws/install/py_pubsub/lib/py_pubsub
[0.767s] Installing listener3 script to /home/xprize_vr2/B2lly_Ws/install/py_pubsub/lib/py_pubsub
[0.767s] Installing listener4 script to /home/xprize_vr2/B2lly_Ws/install/py_pubsub/lib/py_pubsub
[0.768s] Installing talker script to /home/xprize_vr2/B2lly_Ws/install/py_pubsub/lib/py_pubsub
[0.768s] writing list of installed files to '/home/xprize_vr2/B2lly_Ws/build/py_pubsub/install.log'
