/home/xprize_vr2/B2lly_Ws/install/py_pubsub/lib/python3.6/site-packages/py_pubsub/publisher_member_function.py
/home/xprize_vr2/B2lly_Ws/install/py_pubsub/lib/python3.6/site-packages/py_pubsub/__init__.py
/home/xprize_vr2/B2lly_Ws/install/py_pubsub/lib/python3.6/site-packages/py_pubsub/subscriber_member_function.py
/home/xprize_vr2/B2lly_Ws/install/py_pubsub/lib/python3.6/site-packages/py_pubsub/__pycache__/publisher_member_function.cpython-36.pyc
/home/xprize_vr2/B2lly_Ws/install/py_pubsub/lib/python3.6/site-packages/py_pubsub/__pycache__/__init__.cpython-36.pyc
/home/xprize_vr2/B2lly_Ws/install/py_pubsub/lib/python3.6/site-packages/py_pubsub/__pycache__/subscriber_member_function.cpython-36.pyc
/home/xprize_vr2/B2lly_Ws/install/py_pubsub/share/ament_index/resource_index/packages/py_pubsub
/home/xprize_vr2/B2lly_Ws/install/py_pubsub/share/py_pubsub/package.xml
/home/xprize_vr2/B2lly_Ws/install/py_pubsub/lib/python3.6/site-packages/py_pubsub-0.0.0-py3.6.egg-info/requires.txt
/home/xprize_vr2/B2lly_Ws/install/py_pubsub/lib/python3.6/site-packages/py_pubsub-0.0.0-py3.6.egg-info/dependency_links.txt
/home/xprize_vr2/B2lly_Ws/install/py_pubsub/lib/python3.6/site-packages/py_pubsub-0.0.0-py3.6.egg-info/SOURCES.txt
/home/xprize_vr2/B2lly_Ws/install/py_pubsub/lib/python3.6/site-packages/py_pubsub-0.0.0-py3.6.egg-info/PKG-INFO
/home/xprize_vr2/B2lly_Ws/install/py_pubsub/lib/python3.6/site-packages/py_pubsub-0.0.0-py3.6.egg-info/entry_points.txt
/home/xprize_vr2/B2lly_Ws/install/py_pubsub/lib/python3.6/site-packages/py_pubsub-0.0.0-py3.6.egg-info/top_level.txt
/home/xprize_vr2/B2lly_Ws/install/py_pubsub/lib/python3.6/site-packages/py_pubsub-0.0.0-py3.6.egg-info/zip-safe
/home/xprize_vr2/B2lly_Ws/install/py_pubsub/lib/py_pubsub/listener
/home/xprize_vr2/B2lly_Ws/install/py_pubsub/lib/py_pubsub/listener2
/home/xprize_vr2/B2lly_Ws/install/py_pubsub/lib/py_pubsub/listener3
/home/xprize_vr2/B2lly_Ws/install/py_pubsub/lib/py_pubsub/listener4
/home/xprize_vr2/B2lly_Ws/install/py_pubsub/lib/py_pubsub/talker
