[0.576s] [  0%] Built target turtlesim__cpp
[0.579s] [  1%] Built target turtlesim__dds_opensplice_idl
[0.587s] [  6%] Built target turtlesim__rosidl_generator_c
[0.612s] [ 12%] Built target turtlesim__rosidl_typesupport_introspection_cpp
[0.631s] [ 17%] Built target turtlesim__rosidl_typesupport_fastrtps_cpp
[0.631s] [ 22%] Built target turtlesim__rosidl_typesupport_cpp
[0.631s] [ 27%] Built target turtlesim__rosidl_typesupport_introspection_c
[0.638s] [ 33%] Built target turtlesim__rosidl_typesupport_c
[0.663s] [ 39%] Built target turtlesim__rosidl_typesupport_fastrtps_c
[0.685s] [ 62%] Built target turtlesim__rosidl_typesupport_opensplice_cpp
[0.783s] [ 85%] Built target turtlesim__rosidl_typesupport_opensplice_c
[0.804s] [ 85%] Built target turtlesim
[0.831s] [ 85%] Built target turtlesim__py
[0.834s] [ 87%] Built target draw_square
[0.834s] [ 87%] Built target turtle_teleop_key
[0.835s] [ 88%] Built target mimic
[0.856s] [ 92%] Built target turtlesim_node
[0.864s] [ 97%] Built target turtlesim__python
[0.891s] [100%] Built target turtlesim__rosidl_typesupport_opensplice_c__pyext
[0.892s] [100%] Built target turtlesim__rosidl_typesupport_fastrtps_c__pyext
[0.892s] [100%] Built target turtlesim__rosidl_typesupport_c__pyext
[1.186s] [  1%] Built target turtlesim__dds_opensplice_idl
[1.187s] [  1%] Built target turtlesim__cpp
[1.187s] [  6%] Built target turtlesim__rosidl_generator_c
[1.209s] [ 17%] Built target turtlesim__rosidl_typesupport_introspection_c
[1.209s] [ 17%] Built target turtlesim__rosidl_typesupport_introspection_cpp
[1.211s] [ 22%] Built target turtlesim__rosidl_typesupport_cpp
[1.213s] [ 28%] Built target turtlesim__rosidl_typesupport_c
[1.216s] [ 33%] Built target turtlesim__rosidl_typesupport_fastrtps_cpp
[1.243s] [ 39%] Built target turtlesim__rosidl_typesupport_fastrtps_c
[1.274s] [ 62%] Built target turtlesim__rosidl_typesupport_opensplice_cpp
[1.362s] [ 85%] Built target turtlesim__rosidl_typesupport_opensplice_c
[1.379s] [ 85%] Built target turtlesim
[1.400s] [ 85%] Built target turtlesim__py
[1.403s] [ 87%] Built target draw_square
[1.403s] [ 87%] Built target mimic
[1.403s] [ 88%] Built target turtle_teleop_key
[1.420s] [ 92%] Built target turtlesim_node
[1.427s] [ 97%] Built target turtlesim__python
[1.451s] [ 99%] Built target turtlesim__rosidl_typesupport_opensplice_c__pyext
[1.451s] [ 99%] Built target turtlesim__rosidl_typesupport_fastrtps_c__pyext
[1.451s] [100%] Built target turtlesim__rosidl_typesupport_c__pyext
[1.468s] [36mInstall the project...[0m
[1.476s] -- Install configuration: ""
[1.476s] -- Execute custom install script
[1.477s] -- Up-to-date symlink: /home/xprize_vr2/B2lly_Ws/install/turtlesim/share/ament_index/resource_index/rosidl_interfaces/turtlesim
[1.478s] -- Up-to-date symlink: /home/xprize_vr2/B2lly_Ws/install/turtlesim/include/turtlesim/action/rotate_absolute.hpp
[1.479s] -- Up-to-date symlink: /home/xprize_vr2/B2lly_Ws/install/turtlesim/include/turtlesim/action/rotate_absolute__struct.hpp
[1.479s] -- Up-to-date symlink: /home/xprize_vr2/B2lly_Ws/install/turtlesim/include/turtlesim/action/rotate_absolute__traits.hpp
[1.479s] -- Up-to-date symlink: /home/xprize_vr2/B2lly_Ws/install/turtlesim/include/turtlesim/msg/color.hpp
[1.479s] -- Up-to-date symlink: /home/xprize_vr2/B2lly_Ws/install/turtlesim/include/turtlesim/msg/color__struct.hpp
[1.479s] -- Up-to-date symlink: /home/xprize_vr2/B2lly_Ws/install/turtlesim/include/turtlesim/msg/color__traits.hpp
[1.479s] -- Up-to-date symlink: /home/xprize_vr2/B2lly_Ws/install/turtlesim/include/turtlesim/msg/pose.hpp
[1.480s] -- Up-to-date symlink: /home/xprize_vr2/B2lly_Ws/install/turtlesim/include/turtlesim/msg/pose__struct.hpp
[1.480s] -- Up-to-date symlink: /home/xprize_vr2/B2lly_Ws/install/turtlesim/include/turtlesim/msg/pose__traits.hpp
[1.480s] -- Up-to-date symlink: /home/xprize_vr2/B2lly_Ws/install/turtlesim/include/turtlesim/srv/kill.hpp
[1.480s] -- Up-to-date symlink: /home/xprize_vr2/B2lly_Ws/install/turtlesim/include/turtlesim/srv/kill__struct.hpp
[1.480s] -- Up-to-date symlink: /home/xprize_vr2/B2lly_Ws/install/turtlesim/include/turtlesim/srv/kill__traits.hpp
[1.481s] -- Up-to-date symlink: /home/xprize_vr2/B2lly_Ws/install/turtlesim/include/turtlesim/srv/set_pen.hpp
[1.481s] -- Up-to-date symlink: /home/xprize_vr2/B2lly_Ws/install/turtlesim/include/turtlesim/srv/set_pen__struct.hpp
[1.481s] -- Up-to-date symlink: /home/xprize_vr2/B2lly_Ws/install/turtlesim/include/turtlesim/srv/set_pen__traits.hpp
[1.481s] -- Up-to-date symlink: /home/xprize_vr2/B2lly_Ws/install/turtlesim/include/turtlesim/srv/spawn.hpp
[1.481s] -- Up-to-date symlink: /home/xprize_vr2/B2lly_Ws/install/turtlesim/include/turtlesim/srv/spawn__struct.hpp
[1.482s] -- Up-to-date symlink: /home/xprize_vr2/B2lly_Ws/install/turtlesim/include/turtlesim/srv/spawn__traits.hpp
[1.482s] -- Up-to-date symlink: /home/xprize_vr2/B2lly_Ws/install/turtlesim/include/turtlesim/srv/teleport_absolute.hpp
[1.482s] -- Up-to-date symlink: /home/xprize_vr2/B2lly_Ws/install/turtlesim/include/turtlesim/srv/teleport_absolute__struct.hpp
[1.482s] -- Up-to-date symlink: /home/xprize_vr2/B2lly_Ws/install/turtlesim/include/turtlesim/srv/teleport_absolute__traits.hpp
[1.482s] -- Up-to-date symlink: /home/xprize_vr2/B2lly_Ws/install/turtlesim/include/turtlesim/srv/teleport_relative.hpp
[1.482s] -- Up-to-date symlink: /home/xprize_vr2/B2lly_Ws/install/turtlesim/include/turtlesim/srv/teleport_relative__struct.hpp
[1.483s] -- Up-to-date symlink: /home/xprize_vr2/B2lly_Ws/install/turtlesim/include/turtlesim/srv/teleport_relative__traits.hpp
[1.483s] -- Up-to-date symlink: /home/xprize_vr2/B2lly_Ws/install/turtlesim/include/turtlesim/action/rotate_absolute.h
[1.483s] -- Up-to-date symlink: /home/xprize_vr2/B2lly_Ws/install/turtlesim/include/turtlesim/action/rotate_absolute__functions.h
[1.484s] -- Up-to-date symlink: /home/xprize_vr2/B2lly_Ws/install/turtlesim/include/turtlesim/action/rotate_absolute__struct.h
[1.484s] -- Up-to-date symlink: /home/xprize_vr2/B2lly_Ws/install/turtlesim/include/turtlesim/action/rotate_absolute__type_support.h
[1.484s] -- Up-to-date symlink: /home/xprize_vr2/B2lly_Ws/install/turtlesim/include/turtlesim/msg/color.h
[1.484s] -- Up-to-date symlink: /home/xprize_vr2/B2lly_Ws/install/turtlesim/include/turtlesim/msg/color__functions.h
[1.484s] -- Up-to-date symlink: /home/xprize_vr2/B2lly_Ws/install/turtlesim/include/turtlesim/msg/color__struct.h
[1.485s] -- Up-to-date symlink: /home/xprize_vr2/B2lly_Ws/install/turtlesim/include/turtlesim/msg/color__type_support.h
[1.485s] -- Up-to-date symlink: /home/xprize_vr2/B2lly_Ws/install/turtlesim/include/turtlesim/msg/pose.h
[1.485s] -- Up-to-date symlink: /home/xprize_vr2/B2lly_Ws/install/turtlesim/include/turtlesim/msg/pose__functions.h
[1.485s] -- Up-to-date symlink: /home/xprize_vr2/B2lly_Ws/install/turtlesim/include/turtlesim/msg/pose__struct.h
[1.486s] -- Up-to-date symlink: /home/xprize_vr2/B2lly_Ws/install/turtlesim/include/turtlesim/msg/pose__type_support.h
[1.486s] -- Up-to-date symlink: /home/xprize_vr2/B2lly_Ws/install/turtlesim/include/turtlesim/msg/rosidl_generator_c__visibility_control.h
[1.486s] -- Up-to-date symlink: /home/xprize_vr2/B2lly_Ws/install/turtlesim/include/turtlesim/srv/kill.h
[1.486s] -- Up-to-date symlink: /home/xprize_vr2/B2lly_Ws/install/turtlesim/include/turtlesim/srv/kill__functions.h
[1.486s] -- Up-to-date symlink: /home/xprize_vr2/B2lly_Ws/install/turtlesim/include/turtlesim/srv/kill__struct.h
[1.487s] -- Up-to-date symlink: /home/xprize_vr2/B2lly_Ws/install/turtlesim/include/turtlesim/srv/kill__type_support.h
[1.487s] -- Up-to-date symlink: /home/xprize_vr2/B2lly_Ws/install/turtlesim/include/turtlesim/srv/set_pen.h
[1.487s] -- Up-to-date symlink: /home/xprize_vr2/B2lly_Ws/install/turtlesim/include/turtlesim/srv/set_pen__functions.h
[1.487s] -- Up-to-date symlink: /home/xprize_vr2/B2lly_Ws/install/turtlesim/include/turtlesim/srv/set_pen__struct.h
[1.487s] -- Up-to-date symlink: /home/xprize_vr2/B2lly_Ws/install/turtlesim/include/turtlesim/srv/set_pen__type_support.h
[1.487s] -- Up-to-date symlink: /home/xprize_vr2/B2lly_Ws/install/turtlesim/include/turtlesim/srv/spawn.h
[1.488s] -- Up-to-date symlink: /home/xprize_vr2/B2lly_Ws/install/turtlesim/include/turtlesim/srv/spawn__functions.h
[1.488s] -- Up-to-date symlink: /home/xprize_vr2/B2lly_Ws/install/turtlesim/include/turtlesim/srv/spawn__struct.h
[1.488s] -- Up-to-date symlink: /home/xprize_vr2/B2lly_Ws/install/turtlesim/include/turtlesim/srv/spawn__type_support.h
[1.488s] -- Up-to-date symlink: /home/xprize_vr2/B2lly_Ws/install/turtlesim/include/turtlesim/srv/teleport_absolute.h
[1.488s] -- Up-to-date symlink: /home/xprize_vr2/B2lly_Ws/install/turtlesim/include/turtlesim/srv/teleport_absolute__functions.h
[1.489s] -- Up-to-date symlink: /home/xprize_vr2/B2lly_Ws/install/turtlesim/include/turtlesim/srv/teleport_absolute__struct.h
[1.489s] -- Up-to-date symlink: /home/xprize_vr2/B2lly_Ws/install/turtlesim/include/turtlesim/srv/teleport_absolute__type_support.h
[1.489s] -- Up-to-date symlink: /home/xprize_vr2/B2lly_Ws/install/turtlesim/include/turtlesim/srv/teleport_relative.h
[1.489s] -- Up-to-date symlink: /home/xprize_vr2/B2lly_Ws/install/turtlesim/include/turtlesim/srv/teleport_relative__functions.h
[1.490s] -- Up-to-date symlink: /home/xprize_vr2/B2lly_Ws/install/turtlesim/include/turtlesim/srv/teleport_relative__struct.h
[1.490s] -- Up-to-date symlink: /home/xprize_vr2/B2lly_Ws/install/turtlesim/include/turtlesim/srv/teleport_relative__type_support.h
[1.490s] -- Up-to-date symlink: /home/xprize_vr2/B2lly_Ws/install/turtlesim/share/turtlesim/environment/library_path.sh
[1.491s] -- Up-to-date symlink: /home/xprize_vr2/B2lly_Ws/install/turtlesim/lib/libturtlesim__rosidl_generator_c.so
[1.491s] -- Up-to-date symlink: /home/xprize_vr2/B2lly_Ws/install/turtlesim/lib/libturtlesim__rosidl_typesupport_c.so
[1.491s] -- Up-to-date symlink: /home/xprize_vr2/B2lly_Ws/install/turtlesim/lib/libturtlesim__rosidl_typesupport_cpp.so
[1.492s] -- Up-to-date symlink: /home/xprize_vr2/B2lly_Ws/install/turtlesim/include/turtlesim/action/rotate_absolute__rosidl_typesupport_introspection_c.h
[1.492s] -- Up-to-date symlink: /home/xprize_vr2/B2lly_Ws/install/turtlesim/include/turtlesim/msg/color__rosidl_typesupport_introspection_c.h
[1.492s] -- Up-to-date symlink: /home/xprize_vr2/B2lly_Ws/install/turtlesim/include/turtlesim/msg/pose__rosidl_typesupport_introspection_c.h
[1.493s] -- Up-to-date symlink: /home/xprize_vr2/B2lly_Ws/install/turtlesim/include/turtlesim/msg/rosidl_typesupport_introspection_c__visibility_control.h
[1.493s] -- Up-to-date symlink: /home/xprize_vr2/B2lly_Ws/install/turtlesim/include/turtlesim/srv/kill__rosidl_typesupport_introspection_c.h
[1.493s] -- Up-to-date symlink: /home/xprize_vr2/B2lly_Ws/install/turtlesim/include/turtlesim/srv/set_pen__rosidl_typesupport_introspection_c.h
[1.493s] -- Up-to-date symlink: /home/xprize_vr2/B2lly_Ws/install/turtlesim/include/turtlesim/srv/spawn__rosidl_typesupport_introspection_c.h
[1.494s] -- Up-to-date symlink: /home/xprize_vr2/B2lly_Ws/install/turtlesim/include/turtlesim/srv/teleport_absolute__rosidl_typesupport_introspection_c.h
[1.494s] -- Up-to-date symlink: /home/xprize_vr2/B2lly_Ws/install/turtlesim/include/turtlesim/srv/teleport_relative__rosidl_typesupport_introspection_c.h
[1.494s] -- Up-to-date symlink: /home/xprize_vr2/B2lly_Ws/install/turtlesim/lib/libturtlesim__rosidl_typesupport_introspection_c.so
[1.495s] -- Up-to-date symlink: /home/xprize_vr2/B2lly_Ws/install/turtlesim/include/turtlesim/action/rotate_absolute__rosidl_typesupport_introspection_cpp.hpp
[1.495s] -- Up-to-date symlink: /home/xprize_vr2/B2lly_Ws/install/turtlesim/include/turtlesim/msg/color__rosidl_typesupport_introspection_cpp.hpp
[1.495s] -- Up-to-date symlink: /home/xprize_vr2/B2lly_Ws/install/turtlesim/include/turtlesim/msg/pose__rosidl_typesupport_introspection_cpp.hpp
[1.495s] -- Up-to-date symlink: /home/xprize_vr2/B2lly_Ws/install/turtlesim/include/turtlesim/srv/kill__rosidl_typesupport_introspection_cpp.hpp
[1.496s] -- Up-to-date symlink: /home/xprize_vr2/B2lly_Ws/install/turtlesim/include/turtlesim/srv/set_pen__rosidl_typesupport_introspection_cpp.hpp
[1.496s] -- Up-to-date symlink: /home/xprize_vr2/B2lly_Ws/install/turtlesim/include/turtlesim/srv/spawn__rosidl_typesupport_introspection_cpp.hpp
[1.496s] -- Up-to-date symlink: /home/xprize_vr2/B2lly_Ws/install/turtlesim/include/turtlesim/srv/teleport_absolute__rosidl_typesupport_introspection_cpp.hpp
[1.496s] -- Up-to-date symlink: /home/xprize_vr2/B2lly_Ws/install/turtlesim/include/turtlesim/srv/teleport_relative__rosidl_typesupport_introspection_cpp.hpp
[1.497s] -- Up-to-date symlink: /home/xprize_vr2/B2lly_Ws/install/turtlesim/lib/libturtlesim__rosidl_typesupport_introspection_cpp.so
[1.498s] -- Up-to-date symlink: /home/xprize_vr2/B2lly_Ws/install/turtlesim/include/turtlesim/action/rotate_absolute__rosidl_typesupport_fastrtps_c.h
[1.498s] -- Up-to-date symlink: /home/xprize_vr2/B2lly_Ws/install/turtlesim/include/turtlesim/msg/color__rosidl_typesupport_fastrtps_c.h
[1.498s] -- Up-to-date symlink: /home/xprize_vr2/B2lly_Ws/install/turtlesim/include/turtlesim/msg/pose__rosidl_typesupport_fastrtps_c.h
[1.498s] -- Up-to-date symlink: /home/xprize_vr2/B2lly_Ws/install/turtlesim/include/turtlesim/msg/rosidl_typesupport_fastrtps_c__visibility_control.h
[1.498s] -- Up-to-date symlink: /home/xprize_vr2/B2lly_Ws/install/turtlesim/include/turtlesim/srv/kill__rosidl_typesupport_fastrtps_c.h
[1.499s] -- Up-to-date symlink: /home/xprize_vr2/B2lly_Ws/install/turtlesim/include/turtlesim/srv/set_pen__rosidl_typesupport_fastrtps_c.h
[1.499s] -- Up-to-date symlink: /home/xprize_vr2/B2lly_Ws/install/turtlesim/include/turtlesim/srv/spawn__rosidl_typesupport_fastrtps_c.h
[1.499s] -- Up-to-date symlink: /home/xprize_vr2/B2lly_Ws/install/turtlesim/include/turtlesim/srv/teleport_absolute__rosidl_typesupport_fastrtps_c.h
[1.499s] -- Up-to-date symlink: /home/xprize_vr2/B2lly_Ws/install/turtlesim/include/turtlesim/srv/teleport_relative__rosidl_typesupport_fastrtps_c.h
[1.500s] -- Up-to-date symlink: /home/xprize_vr2/B2lly_Ws/install/turtlesim/lib/libturtlesim__rosidl_typesupport_fastrtps_c.so
[1.501s] -- Up-to-date symlink: /home/xprize_vr2/B2lly_Ws/install/turtlesim/include/turtlesim/action/rotate_absolute__rosidl_typesupport_fastrtps_cpp.hpp
[1.501s] -- Up-to-date symlink: /home/xprize_vr2/B2lly_Ws/install/turtlesim/include/turtlesim/msg/color__rosidl_typesupport_fastrtps_cpp.hpp
[1.501s] -- Up-to-date symlink: /home/xprize_vr2/B2lly_Ws/install/turtlesim/include/turtlesim/msg/pose__rosidl_typesupport_fastrtps_cpp.hpp
[1.502s] -- Up-to-date symlink: /home/xprize_vr2/B2lly_Ws/install/turtlesim/include/turtlesim/msg/rosidl_typesupport_fastrtps_cpp__visibility_control.h
[1.502s] -- Up-to-date symlink: /home/xprize_vr2/B2lly_Ws/install/turtlesim/include/turtlesim/srv/kill__rosidl_typesupport_fastrtps_cpp.hpp
[1.502s] -- Up-to-date symlink: /home/xprize_vr2/B2lly_Ws/install/turtlesim/include/turtlesim/srv/set_pen__rosidl_typesupport_fastrtps_cpp.hpp
[1.502s] -- Up-to-date symlink: /home/xprize_vr2/B2lly_Ws/install/turtlesim/include/turtlesim/srv/spawn__rosidl_typesupport_fastrtps_cpp.hpp
[1.502s] -- Up-to-date symlink: /home/xprize_vr2/B2lly_Ws/install/turtlesim/include/turtlesim/srv/teleport_absolute__rosidl_typesupport_fastrtps_cpp.hpp
[1.502s] -- Up-to-date symlink: /home/xprize_vr2/B2lly_Ws/install/turtlesim/include/turtlesim/srv/teleport_relative__rosidl_typesupport_fastrtps_cpp.hpp
[1.503s] -- Up-to-date symlink: /home/xprize_vr2/B2lly_Ws/install/turtlesim/lib/libturtlesim__rosidl_typesupport_fastrtps_cpp.so
[1.504s] -- Up-to-date symlink: /home/xprize_vr2/B2lly_Ws/install/turtlesim/include/turtlesim/action/rotate_absolute__rosidl_typesupport_opensplice_c.h
[1.504s] -- Up-to-date symlink: /home/xprize_vr2/B2lly_Ws/install/turtlesim/include/turtlesim/msg/color__rosidl_typesupport_opensplice_c.h
[1.504s] -- Up-to-date symlink: /home/xprize_vr2/B2lly_Ws/install/turtlesim/include/turtlesim/msg/pose__rosidl_typesupport_opensplice_c.h
[1.505s] -- Up-to-date symlink: /home/xprize_vr2/B2lly_Ws/install/turtlesim/include/turtlesim/msg/rosidl_typesupport_opensplice_c__visibility_control.h
[1.505s] -- Up-to-date symlink: /home/xprize_vr2/B2lly_Ws/install/turtlesim/include/turtlesim/srv/kill__rosidl_typesupport_opensplice_c.h
[1.505s] -- Up-to-date symlink: /home/xprize_vr2/B2lly_Ws/install/turtlesim/include/turtlesim/srv/set_pen__rosidl_typesupport_opensplice_c.h
[1.505s] -- Up-to-date symlink: /home/xprize_vr2/B2lly_Ws/install/turtlesim/include/turtlesim/srv/spawn__rosidl_typesupport_opensplice_c.h
[1.505s] -- Up-to-date symlink: /home/xprize_vr2/B2lly_Ws/install/turtlesim/include/turtlesim/srv/teleport_absolute__rosidl_typesupport_opensplice_c.h
[1.506s] -- Up-to-date symlink: /home/xprize_vr2/B2lly_Ws/install/turtlesim/include/turtlesim/srv/teleport_relative__rosidl_typesupport_opensplice_c.h
[1.506s] -- Up-to-date symlink: /home/xprize_vr2/B2lly_Ws/install/turtlesim/lib/libturtlesim__rosidl_typesupport_opensplice_c.so
[1.507s] -- Up-to-date symlink: /home/xprize_vr2/B2lly_Ws/install/turtlesim/share/turtlesim/action/dds_opensplice/RotateAbsolute_.idl
[1.507s] -- Up-to-date symlink: /home/xprize_vr2/B2lly_Ws/install/turtlesim/share/turtlesim/msg/dds_opensplice/Color_.idl
[1.508s] -- Up-to-date symlink: /home/xprize_vr2/B2lly_Ws/install/turtlesim/share/turtlesim/msg/dds_opensplice/Pose_.idl
[1.508s] -- Up-to-date symlink: /home/xprize_vr2/B2lly_Ws/install/turtlesim/share/turtlesim/srv/dds_opensplice/Kill_.idl
[1.508s] -- Up-to-date symlink: /home/xprize_vr2/B2lly_Ws/install/turtlesim/share/turtlesim/srv/dds_opensplice/SetPen_.idl
[1.508s] -- Up-to-date symlink: /home/xprize_vr2/B2lly_Ws/install/turtlesim/share/turtlesim/srv/dds_opensplice/Spawn_.idl
[1.509s] -- Up-to-date symlink: /home/xprize_vr2/B2lly_Ws/install/turtlesim/share/turtlesim/srv/dds_opensplice/TeleportAbsolute_.idl
[1.509s] -- Up-to-date symlink: /home/xprize_vr2/B2lly_Ws/install/turtlesim/share/turtlesim/srv/dds_opensplice/TeleportRelative_.idl
[1.510s] -- Up-to-date symlink: /home/xprize_vr2/B2lly_Ws/install/turtlesim/include/turtlesim/action/dds_opensplice/RotateAbsolute_.h
[1.511s] -- Up-to-date symlink: /home/xprize_vr2/B2lly_Ws/install/turtlesim/include/turtlesim/action/dds_opensplice/RotateAbsolute_Dcps.h
[1.511s] -- Up-to-date symlink: /home/xprize_vr2/B2lly_Ws/install/turtlesim/include/turtlesim/action/dds_opensplice/RotateAbsolute_Dcps_impl.h
[1.511s] -- Up-to-date symlink: /home/xprize_vr2/B2lly_Ws/install/turtlesim/include/turtlesim/action/dds_opensplice/RotateAbsolute_SplDcps.h
[1.511s] -- Up-to-date symlink: /home/xprize_vr2/B2lly_Ws/install/turtlesim/include/turtlesim/action/dds_opensplice/ccpp_RotateAbsolute_.h
[1.511s] -- Up-to-date symlink: /home/xprize_vr2/B2lly_Ws/install/turtlesim/include/turtlesim/action/rotate_absolute__rosidl_typesupport_opensplice_cpp.hpp
[1.512s] -- Up-to-date symlink: /home/xprize_vr2/B2lly_Ws/install/turtlesim/include/turtlesim/msg/color__rosidl_typesupport_opensplice_cpp.hpp
[1.512s] -- Up-to-date symlink: /home/xprize_vr2/B2lly_Ws/install/turtlesim/include/turtlesim/msg/dds_opensplice/Color_.h
[1.512s] -- Up-to-date symlink: /home/xprize_vr2/B2lly_Ws/install/turtlesim/include/turtlesim/msg/dds_opensplice/Color_Dcps.h
[1.512s] -- Up-to-date symlink: /home/xprize_vr2/B2lly_Ws/install/turtlesim/include/turtlesim/msg/dds_opensplice/Color_Dcps_impl.h
[1.512s] -- Up-to-date symlink: /home/xprize_vr2/B2lly_Ws/install/turtlesim/include/turtlesim/msg/dds_opensplice/Color_SplDcps.h
[1.513s] -- Up-to-date symlink: /home/xprize_vr2/B2lly_Ws/install/turtlesim/include/turtlesim/msg/dds_opensplice/Pose_.h
[1.513s] -- Up-to-date symlink: /home/xprize_vr2/B2lly_Ws/install/turtlesim/include/turtlesim/msg/dds_opensplice/Pose_Dcps.h
[1.513s] -- Up-to-date symlink: /home/xprize_vr2/B2lly_Ws/install/turtlesim/include/turtlesim/msg/dds_opensplice/Pose_Dcps_impl.h
[1.513s] -- Up-to-date symlink: /home/xprize_vr2/B2lly_Ws/install/turtlesim/include/turtlesim/msg/dds_opensplice/Pose_SplDcps.h
[1.513s] -- Up-to-date symlink: /home/xprize_vr2/B2lly_Ws/install/turtlesim/include/turtlesim/msg/dds_opensplice/ccpp_Color_.h
[1.514s] -- Up-to-date symlink: /home/xprize_vr2/B2lly_Ws/install/turtlesim/include/turtlesim/msg/dds_opensplice/ccpp_Pose_.h
[1.514s] -- Up-to-date symlink: /home/xprize_vr2/B2lly_Ws/install/turtlesim/include/turtlesim/msg/pose__rosidl_typesupport_opensplice_cpp.hpp
[1.514s] -- Up-to-date symlink: /home/xprize_vr2/B2lly_Ws/install/turtlesim/include/turtlesim/msg/rosidl_typesupport_opensplice_cpp__visibility_control.h
[1.514s] -- Up-to-date symlink: /home/xprize_vr2/B2lly_Ws/install/turtlesim/include/turtlesim/srv/dds_opensplice/Kill_.h
[1.514s] -- Up-to-date symlink: /home/xprize_vr2/B2lly_Ws/install/turtlesim/include/turtlesim/srv/dds_opensplice/Kill_Dcps.h
[1.515s] -- Up-to-date symlink: /home/xprize_vr2/B2lly_Ws/install/turtlesim/include/turtlesim/srv/dds_opensplice/Kill_Dcps_impl.h
[1.515s] -- Up-to-date symlink: /home/xprize_vr2/B2lly_Ws/install/turtlesim/include/turtlesim/srv/dds_opensplice/Kill_SplDcps.h
[1.515s] -- Up-to-date symlink: /home/xprize_vr2/B2lly_Ws/install/turtlesim/include/turtlesim/srv/dds_opensplice/SetPen_.h
[1.515s] -- Up-to-date symlink: /home/xprize_vr2/B2lly_Ws/install/turtlesim/include/turtlesim/srv/dds_opensplice/SetPen_Dcps.h
[1.515s] -- Up-to-date symlink: /home/xprize_vr2/B2lly_Ws/install/turtlesim/include/turtlesim/srv/dds_opensplice/SetPen_Dcps_impl.h
[1.516s] -- Up-to-date symlink: /home/xprize_vr2/B2lly_Ws/install/turtlesim/include/turtlesim/srv/dds_opensplice/SetPen_SplDcps.h
[1.516s] -- Up-to-date symlink: /home/xprize_vr2/B2lly_Ws/install/turtlesim/include/turtlesim/srv/dds_opensplice/Spawn_.h
[1.516s] -- Up-to-date symlink: /home/xprize_vr2/B2lly_Ws/install/turtlesim/include/turtlesim/srv/dds_opensplice/Spawn_Dcps.h
[1.516s] -- Up-to-date symlink: /home/xprize_vr2/B2lly_Ws/install/turtlesim/include/turtlesim/srv/dds_opensplice/Spawn_Dcps_impl.h
[1.516s] -- Up-to-date symlink: /home/xprize_vr2/B2lly_Ws/install/turtlesim/include/turtlesim/srv/dds_opensplice/Spawn_SplDcps.h
[1.516s] -- Up-to-date symlink: /home/xprize_vr2/B2lly_Ws/install/turtlesim/include/turtlesim/srv/dds_opensplice/TeleportAbsolute_.h
[1.517s] -- Up-to-date symlink: /home/xprize_vr2/B2lly_Ws/install/turtlesim/include/turtlesim/srv/dds_opensplice/TeleportAbsolute_Dcps.h
[1.517s] -- Up-to-date symlink: /home/xprize_vr2/B2lly_Ws/install/turtlesim/include/turtlesim/srv/dds_opensplice/TeleportAbsolute_Dcps_impl.h
[1.517s] -- Up-to-date symlink: /home/xprize_vr2/B2lly_Ws/install/turtlesim/include/turtlesim/srv/dds_opensplice/TeleportAbsolute_SplDcps.h
[1.517s] -- Up-to-date symlink: /home/xprize_vr2/B2lly_Ws/install/turtlesim/include/turtlesim/srv/dds_opensplice/TeleportRelative_.h
[1.517s] -- Up-to-date symlink: /home/xprize_vr2/B2lly_Ws/install/turtlesim/include/turtlesim/srv/dds_opensplice/TeleportRelative_Dcps.h
[1.518s] -- Up-to-date symlink: /home/xprize_vr2/B2lly_Ws/install/turtlesim/include/turtlesim/srv/dds_opensplice/TeleportRelative_Dcps_impl.h
[1.518s] -- Up-to-date symlink: /home/xprize_vr2/B2lly_Ws/install/turtlesim/include/turtlesim/srv/dds_opensplice/TeleportRelative_SplDcps.h
[1.518s] -- Up-to-date symlink: /home/xprize_vr2/B2lly_Ws/install/turtlesim/include/turtlesim/srv/dds_opensplice/ccpp_Kill_.h
[1.518s] -- Up-to-date symlink: /home/xprize_vr2/B2lly_Ws/install/turtlesim/include/turtlesim/srv/dds_opensplice/ccpp_SetPen_.h
[1.518s] -- Up-to-date symlink: /home/xprize_vr2/B2lly_Ws/install/turtlesim/include/turtlesim/srv/dds_opensplice/ccpp_Spawn_.h
[1.519s] -- Up-to-date symlink: /home/xprize_vr2/B2lly_Ws/install/turtlesim/include/turtlesim/srv/dds_opensplice/ccpp_TeleportAbsolute_.h
[1.519s] -- Up-to-date symlink: /home/xprize_vr2/B2lly_Ws/install/turtlesim/include/turtlesim/srv/dds_opensplice/ccpp_TeleportRelative_.h
[1.519s] -- Up-to-date symlink: /home/xprize_vr2/B2lly_Ws/install/turtlesim/include/turtlesim/srv/kill__rosidl_typesupport_opensplice_cpp.hpp
[1.519s] -- Up-to-date symlink: /home/xprize_vr2/B2lly_Ws/install/turtlesim/include/turtlesim/srv/set_pen__rosidl_typesupport_opensplice_cpp.hpp
[1.519s] -- Up-to-date symlink: /home/xprize_vr2/B2lly_Ws/install/turtlesim/include/turtlesim/srv/spawn__rosidl_typesupport_opensplice_cpp.hpp
[1.520s] -- Up-to-date symlink: /home/xprize_vr2/B2lly_Ws/install/turtlesim/include/turtlesim/srv/teleport_absolute__rosidl_typesupport_opensplice_cpp.hpp
[1.520s] -- Up-to-date symlink: /home/xprize_vr2/B2lly_Ws/install/turtlesim/include/turtlesim/srv/teleport_relative__rosidl_typesupport_opensplice_cpp.hpp
[1.520s] -- Up-to-date symlink: /home/xprize_vr2/B2lly_Ws/install/turtlesim/lib/libturtlesim__rosidl_typesupport_opensplice_cpp.so
[1.521s] -- Up-to-date symlink: /home/xprize_vr2/B2lly_Ws/install/turtlesim/share/turtlesim/environment/pythonpath.sh
[1.521s] -- Up-to-date symlink: /home/xprize_vr2/B2lly_Ws/install/turtlesim/lib/python3.6/site-packages/turtlesim/__init__.py
[1.522s] -- Up-to-date symlink: /home/xprize_vr2/B2lly_Ws/install/turtlesim/lib/python3.6/site-packages/turtlesim/action/__init__.py
[1.522s] -- Up-to-date symlink: /home/xprize_vr2/B2lly_Ws/install/turtlesim/lib/python3.6/site-packages/turtlesim/action/_rotate_absolute.py
[1.522s] -- Up-to-date symlink: /home/xprize_vr2/B2lly_Ws/install/turtlesim/lib/python3.6/site-packages/turtlesim/msg/__init__.py
[1.523s] -- Up-to-date symlink: /home/xprize_vr2/B2lly_Ws/install/turtlesim/lib/python3.6/site-packages/turtlesim/msg/_color.py
[1.523s] -- Up-to-date symlink: /home/xprize_vr2/B2lly_Ws/install/turtlesim/lib/python3.6/site-packages/turtlesim/msg/_pose.py
[1.523s] -- Up-to-date symlink: /home/xprize_vr2/B2lly_Ws/install/turtlesim/lib/python3.6/site-packages/turtlesim/srv/__init__.py
[1.524s] -- Up-to-date symlink: /home/xprize_vr2/B2lly_Ws/install/turtlesim/lib/python3.6/site-packages/turtlesim/srv/_kill.py
[1.524s] -- Up-to-date symlink: /home/xprize_vr2/B2lly_Ws/install/turtlesim/lib/python3.6/site-packages/turtlesim/srv/_set_pen.py
[1.524s] -- Up-to-date symlink: /home/xprize_vr2/B2lly_Ws/install/turtlesim/lib/python3.6/site-packages/turtlesim/srv/_spawn.py
[1.524s] -- Up-to-date symlink: /home/xprize_vr2/B2lly_Ws/install/turtlesim/lib/python3.6/site-packages/turtlesim/srv/_teleport_absolute.py
[1.524s] -- Up-to-date symlink: /home/xprize_vr2/B2lly_Ws/install/turtlesim/lib/python3.6/site-packages/turtlesim/srv/_teleport_relative.py
[1.525s] -- Up-to-date symlink: /home/xprize_vr2/B2lly_Ws/install/turtlesim/lib/python3.6/site-packages/turtlesim/turtlesim_s__rosidl_typesupport_c.cpython-36m-x86_64-linux-gnu.so
[1.525s] -- Up-to-date symlink: /home/xprize_vr2/B2lly_Ws/install/turtlesim/lib/python3.6/site-packages/turtlesim/turtlesim_s__rosidl_typesupport_fastrtps_c.cpython-36m-x86_64-linux-gnu.so
[1.526s] -- Up-to-date symlink: /home/xprize_vr2/B2lly_Ws/install/turtlesim/lib/python3.6/site-packages/turtlesim/turtlesim_s__rosidl_typesupport_opensplice_c.cpython-36m-x86_64-linux-gnu.so
[1.527s] -- Up-to-date symlink: /home/xprize_vr2/B2lly_Ws/install/turtlesim/lib/libturtlesim__python.so
[1.527s] -- Up-to-date symlink: /home/xprize_vr2/B2lly_Ws/install/turtlesim/share/turtlesim/action/RotateAbsolute.idl
[1.527s] -- Up-to-date symlink: /home/xprize_vr2/B2lly_Ws/install/turtlesim/share/turtlesim/msg/Color.idl
[1.528s] -- Up-to-date symlink: /home/xprize_vr2/B2lly_Ws/install/turtlesim/share/turtlesim/msg/Pose.idl
[1.528s] -- Up-to-date symlink: /home/xprize_vr2/B2lly_Ws/install/turtlesim/share/turtlesim/srv/Kill.idl
[1.528s] -- Up-to-date symlink: /home/xprize_vr2/B2lly_Ws/install/turtlesim/share/turtlesim/srv/SetPen.idl
[1.528s] -- Up-to-date symlink: /home/xprize_vr2/B2lly_Ws/install/turtlesim/share/turtlesim/srv/Spawn.idl
[1.529s] -- Up-to-date symlink: /home/xprize_vr2/B2lly_Ws/install/turtlesim/share/turtlesim/srv/TeleportAbsolute.idl
[1.529s] -- Up-to-date symlink: /home/xprize_vr2/B2lly_Ws/install/turtlesim/share/turtlesim/srv/TeleportRelative.idl
[1.529s] -- Up-to-date symlink: /home/xprize_vr2/B2lly_Ws/install/turtlesim/share/turtlesim/action/RotateAbsolute.action
[1.530s] -- Up-to-date symlink: /home/xprize_vr2/B2lly_Ws/install/turtlesim/share/turtlesim/msg/Color.msg
[1.530s] -- Up-to-date symlink: /home/xprize_vr2/B2lly_Ws/install/turtlesim/share/turtlesim/msg/Pose.msg
[1.530s] -- Up-to-date symlink: /home/xprize_vr2/B2lly_Ws/install/turtlesim/share/turtlesim/srv/Kill.srv
[1.530s] -- Up-to-date symlink: /home/xprize_vr2/B2lly_Ws/install/turtlesim/share/turtlesim/srv/Kill_Request.msg
[1.531s] -- Up-to-date symlink: /home/xprize_vr2/B2lly_Ws/install/turtlesim/share/turtlesim/srv/Kill_Response.msg
[1.531s] -- Up-to-date symlink: /home/xprize_vr2/B2lly_Ws/install/turtlesim/share/turtlesim/srv/SetPen.srv
[1.531s] -- Up-to-date symlink: /home/xprize_vr2/B2lly_Ws/install/turtlesim/share/turtlesim/srv/SetPen_Request.msg
[1.532s] -- Up-to-date symlink: /home/xprize_vr2/B2lly_Ws/install/turtlesim/share/turtlesim/srv/SetPen_Response.msg
[1.532s] -- Up-to-date symlink: /home/xprize_vr2/B2lly_Ws/install/turtlesim/share/turtlesim/srv/Spawn.srv
[1.532s] -- Up-to-date symlink: /home/xprize_vr2/B2lly_Ws/install/turtlesim/share/turtlesim/srv/Spawn_Request.msg
[1.532s] -- Up-to-date symlink: /home/xprize_vr2/B2lly_Ws/install/turtlesim/share/turtlesim/srv/Spawn_Response.msg
[1.533s] -- Up-to-date symlink: /home/xprize_vr2/B2lly_Ws/install/turtlesim/share/turtlesim/srv/TeleportAbsolute.srv
[1.533s] -- Up-to-date symlink: /home/xprize_vr2/B2lly_Ws/install/turtlesim/share/turtlesim/srv/TeleportAbsolute_Request.msg
[1.533s] -- Up-to-date symlink: /home/xprize_vr2/B2lly_Ws/install/turtlesim/share/turtlesim/srv/TeleportAbsolute_Response.msg
[1.533s] -- Up-to-date symlink: /home/xprize_vr2/B2lly_Ws/install/turtlesim/share/turtlesim/srv/TeleportRelative.srv
[1.534s] -- Up-to-date symlink: /home/xprize_vr2/B2lly_Ws/install/turtlesim/share/turtlesim/srv/TeleportRelative_Request.msg
[1.534s] -- Up-to-date symlink: /home/xprize_vr2/B2lly_Ws/install/turtlesim/share/turtlesim/srv/TeleportRelative_Response.msg
[1.535s] -- Up-to-date symlink: /home/xprize_vr2/B2lly_Ws/install/turtlesim/lib/turtlesim/turtlesim_node
[1.535s] -- Up-to-date symlink: /home/xprize_vr2/B2lly_Ws/install/turtlesim/lib/turtlesim/turtle_teleop_key
[1.535s] -- Up-to-date symlink: /home/xprize_vr2/B2lly_Ws/install/turtlesim/lib/turtlesim/draw_square
[1.535s] -- Up-to-date symlink: /home/xprize_vr2/B2lly_Ws/install/turtlesim/lib/turtlesim/mimic
[1.536s] -- Up-to-date symlink: /home/xprize_vr2/B2lly_Ws/install/turtlesim/share/turtlesim/launch/multisim.launch.py
[1.537s] -- Up-to-date symlink: /home/xprize_vr2/B2lly_Ws/install/turtlesim/share/ament_index/resource_index/package_run_dependencies/turtlesim
[1.537s] -- Up-to-date symlink: /home/xprize_vr2/B2lly_Ws/install/turtlesim/share/ament_index/resource_index/parent_prefix_path/turtlesim
[1.537s] -- Up-to-date symlink: /home/xprize_vr2/B2lly_Ws/install/turtlesim/share/turtlesim/environment/ament_prefix_path.sh
[1.537s] -- Up-to-date symlink: /home/xprize_vr2/B2lly_Ws/install/turtlesim/share/turtlesim/environment/path.sh
[1.538s] -- Up-to-date symlink: /home/xprize_vr2/B2lly_Ws/install/turtlesim/share/turtlesim/local_setup.bash
[1.538s] -- Up-to-date symlink: /home/xprize_vr2/B2lly_Ws/install/turtlesim/share/turtlesim/local_setup.sh
[1.538s] -- Up-to-date symlink: /home/xprize_vr2/B2lly_Ws/install/turtlesim/share/turtlesim/local_setup.zsh
[1.538s] -- Up-to-date symlink: /home/xprize_vr2/B2lly_Ws/install/turtlesim/share/ament_index/resource_index/packages/turtlesim
[1.539s] -- Up-to-date symlink: /home/xprize_vr2/B2lly_Ws/install/turtlesim/share/turtlesim/cmake/rosidl_cmake-extras.cmake
[1.539s] -- Up-to-date symlink: /home/xprize_vr2/B2lly_Ws/install/turtlesim/share/turtlesim/cmake/ament_cmake_export_dependencies-extras.cmake
[1.539s] -- Up-to-date symlink: /home/xprize_vr2/B2lly_Ws/install/turtlesim/share/turtlesim/cmake/ament_cmake_export_include_directories-extras.cmake
[1.540s] -- Up-to-date symlink: /home/xprize_vr2/B2lly_Ws/install/turtlesim/share/turtlesim/cmake/ament_cmake_export_libraries-extras.cmake
[1.540s] -- Up-to-date symlink: /home/xprize_vr2/B2lly_Ws/install/turtlesim/share/turtlesim/cmake/rosidl_cmake_export_typesupport_libraries-extras.cmake
[1.540s] -- Up-to-date symlink: /home/xprize_vr2/B2lly_Ws/install/turtlesim/share/turtlesim/cmake/turtlesimConfig.cmake
[1.541s] -- Up-to-date symlink: /home/xprize_vr2/B2lly_Ws/install/turtlesim/share/turtlesim/cmake/turtlesimConfig-version.cmake
[1.541s] -- Up-to-date symlink: /home/xprize_vr2/B2lly_Ws/install/turtlesim/share/turtlesim/package.xml
[1.572s] -- Up-to-date: /home/xprize_vr2/B2lly_Ws/install/turtlesim/share/turtlesim/images
[1.572s] -- Up-to-date: /home/xprize_vr2/B2lly_Ws/install/turtlesim/share/turtlesim/images/dashing.png
[1.572s] -- Up-to-date: /home/xprize_vr2/B2lly_Ws/install/turtlesim/share/turtlesim/images/ardent.png
[1.572s] -- Up-to-date: /home/xprize_vr2/B2lly_Ws/install/turtlesim/share/turtlesim/images/crystal.png
[1.572s] -- Up-to-date: /home/xprize_vr2/B2lly_Ws/install/turtlesim/share/turtlesim/images/bouncy.png
