[0.512s] Invoking command in '/home/xprize_vr2/B2lly_Ws/src/my_package': PYTHONPATH=/home/xprize_vr2/B2lly_Ws/install/my_package/lib/python3.6/site-packages:${PYTHONPATH} /usr/bin/python3 setup.py egg_info --egg-base /home/xprize_vr2/B2lly_Ws/build/my_package build --build-base /home/xprize_vr2/B2lly_Ws/build/my_package/build install --prefix /home/xprize_vr2/B2lly_Ws/install/my_package --record /home/xprize_vr2/B2lly_Ws/build/my_package/install.log --single-version-externally-managed
[0.736s] running egg_info
[0.736s] writing /home/xprize_vr2/B2lly_Ws/build/my_package/my_package.egg-info/PKG-INFO
[0.737s] writing dependency_links to /home/xprize_vr2/B2lly_Ws/build/my_package/my_package.egg-info/dependency_links.txt
[0.737s] writing entry points to /home/xprize_vr2/B2lly_Ws/build/my_package/my_package.egg-info/entry_points.txt
[0.737s] writing requirements to /home/xprize_vr2/B2lly_Ws/build/my_package/my_package.egg-info/requires.txt
[0.737s] writing top-level names to /home/xprize_vr2/B2lly_Ws/build/my_package/my_package.egg-info/top_level.txt
[0.768s] reading manifest file '/home/xprize_vr2/B2lly_Ws/build/my_package/my_package.egg-info/SOURCES.txt'
[0.769s] writing manifest file '/home/xprize_vr2/B2lly_Ws/build/my_package/my_package.egg-info/SOURCES.txt'
[0.769s] running build
[0.769s] running build_py
[0.770s] running install
[0.770s] running install_lib
[0.771s] running install_data
[0.772s] running install_egg_info
[0.774s] removing '/home/xprize_vr2/B2lly_Ws/install/my_package/lib/python3.6/site-packages/my_package-0.0.0-py3.6.egg-info' (and everything under it)
[0.774s] Copying /home/xprize_vr2/B2lly_Ws/build/my_package/my_package.egg-info to /home/xprize_vr2/B2lly_Ws/install/my_package/lib/python3.6/site-packages/my_package-0.0.0-py3.6.egg-info
[0.775s] running install_scripts
[0.791s] Installing my_node script to /home/xprize_vr2/B2lly_Ws/install/my_package/lib/my_package
[0.791s] writing list of installed files to '/home/xprize_vr2/B2lly_Ws/build/my_package/install.log'
[0.821s] Invoked command in '/home/xprize_vr2/B2lly_Ws/src/my_package' returned '0': PYTHONPATH=/home/xprize_vr2/B2lly_Ws/install/my_package/lib/python3.6/site-packages:${PYTHONPATH} /usr/bin/python3 setup.py egg_info --egg-base /home/xprize_vr2/B2lly_Ws/build/my_package build --build-base /home/xprize_vr2/B2lly_Ws/build/my_package/build install --prefix /home/xprize_vr2/B2lly_Ws/install/my_package --record /home/xprize_vr2/B2lly_Ws/build/my_package/install.log --single-version-externally-managed
